#
# A fatal error has been detected by the Java Runtime Environment:
#
#  EXCEPTION_ACCESS_VIOLATION (0xc0000005) at pc=0x0000000057004bb3, pid=5136, tid=4752
#
# JRE version: Java(TM) SE Runtime Environment (8.0_40-b25) (build 1.8.0_40-b25)
# Java VM: Java HotSpot(TM) 64-Bit Server VM (25.40-b25 mixed mode windows-amd64 compressed oops)
# Problematic frame:
# V  [jvm.dll+0x464bb3]
#
# Failed to write core dump. Minidumps are not enabled by default on client versions of Windows
#
# If you would like to submit a bug report, please visit:
#   http://bugreport.java.com/bugreport/crash.jsp
#

---------------  T H R E A D  ---------------

Current thread (0x0000000055be7000):  JavaThread "C2 CompilerThread1" daemon [_thread_in_native, id=4752, stack(0x0000000057a60000,0x0000000057b60000)]

siginfo: ExceptionCode=0xc0000005, reading address 0x0000000000000040

Registers:
RAX=0x0000000057fa6bb0, RBX=0x0000000057b5e010, RCX=0x000000006e660050, RDX=0x0000000000000000
RSP=0x0000000057b5de00, RBP=0x0000000000000018, RSI=0x0000000000000688, RDI=0x0000000000000040
R8 =0x0000000000000000, R9 =0x0000000000000000, R10=0xa8444455442103eb, R11=0x000000006e660050
R12=0x000000000000005d, R13=0x0000000057fa6b58, R14=0x000000000000032d, R15=0x0000000000001968
RIP=0x0000000057004bb3, EFLAGS=0x0000000000010246

Top of Stack: (sp=0x0000000057b5de00)
0x0000000057b5de00:   0000000057b5e010 0000000000000687
0x0000000057b5de10:   0000000057b5eab0 00000000570a0786
0x0000000057b5de20:   0000000057175678 0000000057b5eab0
0x0000000057b5de30:   0000000058802600 0000000057b5e060
0x0000000057b5de40:   0000000055be3c70 00000000570a137b
0x0000000057b5de50:   0000000057b5df50 0000000057b5e000
0x0000000057b5de60:   0000000000040298 000000005ba40428
0x0000000057b5de70:   000000005880a5e8 000000005700cc0d
0x0000000057b5de80:   0000000055be3c70 0000000057b5df80
0x0000000057b5de90:   0000000058805e20 0000000058802600
0x0000000057b5dea0:   0000000000000000 0000000057b5f2b8
0x0000000057b5deb0:   000000000000000e 00000000587f56f0
0x0000000057b5dec0:   0000000057b5f448 0000000057b5f460
0x0000000057b5ded0:   0000000055be8cc0 0000000000000004
0x0000000057b5dee0:   0000000000000000 0000000000000000
0x0000000057b5def0:   0000000000000002 0000000000000000 

Instructions: (pc=0x0000000057004bb3)
0x0000000057004b93:   00 33 ed 44 8b e0 0f 1f 80 00 00 00 00 49 8b 45
0x0000000057004ba3:   08 48 8b 3c 28 48 85 ff 74 6c 40 f6 c7 01 75 66
0x0000000057004bb3:   48 83 3f fe 74 60 8b 4f 28 8b c1 c1 e8 05 3b 43
0x0000000057004bc3:   30 72 0f 48 8b 43 20 8b d1 48 8d 4b 20 ff 50 18 


Register to memory mapping:

RAX=0x0000000057fa6bb0 is an unknown value
RBX=0x0000000057b5e010 is pointing into the stack for thread: 0x0000000055be7000
RCX=0x000000006e660050 is an unknown value
RDX=0x0000000000000000 is an unknown value
RSP=0x0000000057b5de00 is pointing into the stack for thread: 0x0000000055be7000
RBP=0x0000000000000018 is an unknown value
RSI=0x0000000000000688 is an unknown value
RDI=0x0000000000000040 is an unknown value
R8 =0x0000000000000000 is an unknown value
R9 =0x0000000000000000 is an unknown value
R10=0xa8444455442103eb is an unknown value
R11=0x000000006e660050 is an unknown value
R12=0x000000000000005d is an unknown value
R13=0x0000000057fa6b58 is an unknown value
R14=0x000000000000032d is an unknown value
R15=0x0000000000001968 is an unknown value


Stack: [0x0000000057a60000,0x0000000057b60000],  sp=0x0000000057b5de00,  free space=1015k
Native frames: (J=compiled Java code, j=interpreted, Vv=VM code, C=native code)
V  [jvm.dll+0x464bb3]
V  [jvm.dll+0x50137b]
V  [jvm.dll+0x46cc0d]
V  [jvm.dll+0x4500d2]
V  [jvm.dll+0xa4312]
V  [jvm.dll+0xa4c4f]
V  [jvm.dll+0x241914]
V  [jvm.dll+0x29848a]
C  [msvcr100.dll+0x21d9f]
C  [msvcr100.dll+0x21e3b]
C  [kernel32.dll+0x159ed]
C  [ntdll.dll+0x2c541]


Current CompileTask:
C2:  16051 2274 %     4       jumpingalien.model.World::collisionDetect @ 30 (389 bytes)


---------------  P R O C E S S  ---------------

Java Threads: ( => current thread )
  0x000000005884b800 JavaThread "AWT-EventQueue-0" [_thread_blocked, id=4432, stack(0x00000000595e0000,0x00000000596e0000)]
  0x00000000587c9800 JavaThread "AWT-Windows" daemon [_thread_in_native, id=4768, stack(0x00000000594a0000,0x00000000595a0000)]
  0x00000000587c9000 JavaThread "AWT-Shutdown" [_thread_blocked, id=5356, stack(0x0000000059390000,0x0000000059490000)]
  0x00000000587c8800 JavaThread "Java2D Disposer" daemon [_thread_blocked, id=800, stack(0x0000000059120000,0x0000000059220000)]
  0x0000000057e5f800 JavaThread "Service Thread" daemon [_thread_blocked, id=5944, stack(0x00000000584f0000,0x00000000585f0000)]
  0x0000000057df7000 JavaThread "C1 CompilerThread2" daemon [_thread_blocked, id=5244, stack(0x00000000582e0000,0x00000000583e0000)]
=>0x0000000055be7000 JavaThread "C2 CompilerThread1" daemon [_thread_in_native, id=4752, stack(0x0000000057a60000,0x0000000057b60000)]
  0x0000000055bee000 JavaThread "C2 CompilerThread0" daemon [_thread_in_native, id=1820, stack(0x00000000581e0000,0x00000000582e0000)]
  0x0000000055be3000 JavaThread "Attach Listener" daemon [_thread_blocked, id=4396, stack(0x0000000057ce0000,0x0000000057de0000)]
  0x0000000055be9800 JavaThread "Signal Dispatcher" daemon [_thread_blocked, id=2436, stack(0x0000000057b80000,0x0000000057c80000)]
  0x0000000055b87000 JavaThread "Finalizer" daemon [_thread_blocked, id=3068, stack(0x0000000057910000,0x0000000057a10000)]
  0x0000000055b80000 JavaThread "Reference Handler" daemon [_thread_blocked, id=5996, stack(0x0000000057790000,0x0000000057890000)]
  0x0000000001d6e800 JavaThread "main" [_thread_in_vm, id=2280, stack(0x0000000001d70000,0x0000000001e70000)]

Other Threads:
  0x0000000055b7a000 VMThread [stack: 0x0000000057610000,0x0000000057710000] [id=6128]
  0x0000000057e7f000 WatcherThread [stack: 0x00000000586c0000,0x00000000587c0000] [id=4316]

VM state:not at safepoint (normal execution)

VM Mutex/Monitor currently owned by a thread: None

Heap:
 PSYoungGen      total 202240K, used 111564K [0x00000000e0c00000, 0x00000000f4a80000, 0x0000000100000000)
  eden space 196608K, 56% used [0x00000000e0c00000,0x00000000e78db2c8,0x00000000ecc00000)
  from space 5632K, 1% used [0x00000000ecc00000,0x00000000ecc18000,0x00000000ed180000)
  to   space 5632K, 0% used [0x00000000f4500000,0x00000000f4500000,0x00000000f4a80000)
 ParOldGen       total 64512K, used 14363K [0x00000000a2400000, 0x00000000a6300000, 0x00000000e0c00000)
  object space 64512K, 22% used [0x00000000a2400000,0x00000000a3206cb0,0x00000000a6300000)
 Metaspace       used 13221K, capacity 13714K, committed 13824K, reserved 1060864K
  class space    used 1580K, capacity 1710K, committed 1792K, reserved 1048576K

Card table byte_map: [0x0000000011500000,0x00000000117f0000] byte_map_base: 0x0000000010fee000

Marking Bits: (ParMarkBitMap*) 0x00000000573a4040
 Begin Bits: [0x0000000012020000, 0x0000000013790000)
 End Bits:   [0x0000000013790000, 0x0000000014f00000)

Polling page: 0x0000000000330000

CodeCache: size=245760Kb used=7659Kb max_used=7663Kb free=238100Kb
 bounds [0x0000000002140000, 0x00000000028d0000, 0x0000000011140000]
 total_blobs=2761 nmethods=2273 adapters=400
 compilation: enabled

Compilation events (10 events):
Event: 15.675 Thread 0x0000000057df7000 nmethod 2269 0x00000000028a9610 code [0x00000000028a97a0, 0x00000000028a9b68]
Event: 15.792 Thread 0x0000000055be7000 2270       4       jumpingalien.model.Plant::advanceTime (136 bytes)
Event: 15.845 Thread 0x0000000055be7000 nmethod 2270 0x00000000028b88d0 code [0x00000000028b8be0, 0x00000000028b9c20]
Event: 15.851 Thread 0x0000000057df7000 2271       3       jumpingalien.model.Mazub::getCurrentSprite (229 bytes)
Event: 15.853 Thread 0x0000000057df7000 nmethod 2271 0x00000000028bb510 code [0x00000000028bb840, 0x00000000028bda38]
Event: 15.853 Thread 0x0000000055bee000 2272       4       jumpingalien.model.Mazub::getCurrentSprite (229 bytes)
Event: 15.853 Thread 0x0000000057df7000 2273       3       jumpingalien.model.World::collisionDetect (389 bytes)
Event: 15.858 Thread 0x0000000057df7000 nmethod 2273 0x00000000028be390 code [0x00000000028be840, 0x00000000028c17b8]
Event: 15.858 Thread 0x0000000055bee000 nmethod 2272 0x00000000028b7410 code [0x00000000028b75c0, 0x00000000028b79f8]
Event: 15.884 Thread 0x0000000055be7000 2274 %     4       jumpingalien.model.World::collisionDetect @ 30 (389 bytes)

GC Heap History (10 events):
Event: 4.660 GC heap before
{Heap before GC invocations=5 (full 0):
 PSYoungGen      total 52736K, used 51211K [0x00000000e0c00000, 0x00000000e4300000, 0x0000000100000000)
  eden space 49152K, 100% used [0x00000000e0c00000,0x00000000e3c00000,0x00000000e3c00000)
  from space 3584K, 57% used [0x00000000e3f80000,0x00000000e4182cd0,0x00000000e4300000)
  to   space 3584K, 0% used [0x00000000e3c00000,0x00000000e3c00000,0x00000000e3f80000)
 ParOldGen       total 64512K, used 11804K [0x00000000a2400000, 0x00000000a6300000, 0x00000000e0c00000)
  object space 64512K, 18% used [0x00000000a2400000,0x00000000a2f873b8,0x00000000a6300000)
 Metaspace       used 12940K, capacity 13398K, committed 13568K, reserved 1060864K
  class space    used 1575K, capacity 1702K, committed 1792K, reserved 1048576K
Event: 4.663 GC heap after
Heap after GC invocations=5 (full 0):
 PSYoungGen      total 52736K, used 2659K [0x00000000e0c00000, 0x00000000e7800000, 0x0000000100000000)
  eden space 49152K, 0% used [0x00000000e0c00000,0x00000000e0c00000,0x00000000e3c00000)
  from space 3584K, 74% used [0x00000000e3c00000,0x00000000e3e98d50,0x00000000e3f80000)
  to   space 6144K, 0% used [0x00000000e7200000,0x00000000e7200000,0x00000000e7800000)
 ParOldGen       total 64512K, used 11812K [0x00000000a2400000, 0x00000000a6300000, 0x00000000e0c00000)
  object space 64512K, 18% used [0x00000000a2400000,0x00000000a2f893b8,0x00000000a6300000)
 Metaspace       used 12940K, capacity 13398K, committed 13568K, reserved 1060864K
  class space    used 1575K, capacity 1702K, committed 1792K, reserved 1048576K
}
Event: 5.717 GC heap before
{Heap before GC invocations=6 (full 0):
 PSYoungGen      total 52736K, used 51811K [0x00000000e0c00000, 0x00000000e7800000, 0x0000000100000000)
  eden space 49152K, 100% used [0x00000000e0c00000,0x00000000e3c00000,0x00000000e3c00000)
  from space 3584K, 74% used [0x00000000e3c00000,0x00000000e3e98d50,0x00000000e3f80000)
  to   space 6144K, 0% used [0x00000000e7200000,0x00000000e7200000,0x00000000e7800000)
 ParOldGen       total 64512K, used 11812K [0x00000000a2400000, 0x00000000a6300000, 0x00000000e0c00000)
  object space 64512K, 18% used [0x00000000a2400000,0x00000000a2f893b8,0x00000000a6300000)
 Metaspace       used 13006K, capacity 13496K, committed 13824K, reserved 1060864K
  class space    used 1579K, capacity 1707K, committed 1792K, reserved 1048576K
Event: 5.720 GC heap after
Heap after GC invocations=6 (full 0):
 PSYoungGen      total 103424K, used 2587K [0x00000000e0c00000, 0x00000000e7700000, 0x0000000100000000)
  eden space 98304K, 0% used [0x00000000e0c00000,0x00000000e0c00000,0x00000000e6c00000)
  from space 5120K, 50% used [0x00000000e7200000,0x00000000e7486c60,0x00000000e7700000)
  to   space 5632K, 0% used [0x00000000e6c00000,0x00000000e6c00000,0x00000000e7180000)
 ParOldGen       total 64512K, used 11812K [0x00000000a2400000, 0x00000000a6300000, 0x00000000e0c00000)
  object space 64512K, 18% used [0x00000000a2400000,0x00000000a2f893b8,0x00000000a6300000)
 Metaspace       used 13006K, capacity 13496K, committed 13824K, reserved 1060864K
  class space    used 1579K, capacity 1707K, committed 1792K, reserved 1048576K
}
Event: 7.662 GC heap before
{Heap before GC invocations=7 (full 0):
 PSYoungGen      total 103424K, used 100891K [0x00000000e0c00000, 0x00000000e7700000, 0x0000000100000000)
  eden space 98304K, 100% used [0x00000000e0c00000,0x00000000e6c00000,0x00000000e6c00000)
  from space 5120K, 50% used [0x00000000e7200000,0x00000000e7486c60,0x00000000e7700000)
  to   space 5632K, 0% used [0x00000000e6c00000,0x00000000e6c00000,0x00000000e7180000)
 ParOldGen       total 64512K, used 11812K [0x00000000a2400000, 0x00000000a6300000, 0x00000000e0c00000)
  object space 64512K, 18% used [0x00000000a2400000,0x00000000a2f893b8,0x00000000a6300000)
 Metaspace       used 13061K, capacity 13568K, committed 13824K, reserved 1060864K
  class space    used 1579K, capacity 1707K, committed 1792K, reserved 1048576K
Event: 7.666 GC heap after
Heap after GC invocations=7 (full 0):
 PSYoungGen      total 103936K, used 1026K [0x00000000e0c00000, 0x00000000ed700000, 0x0000000100000000)
  eden space 98304K, 0% used [0x00000000e0c00000,0x00000000e0c00000,0x00000000e6c00000)
  from space 5632K, 18% used [0x00000000e6c00000,0x00000000e6d00840,0x00000000e7180000)
  to   space 5632K, 0% used [0x00000000ed180000,0x00000000ed180000,0x00000000ed700000)
 ParOldGen       total 64512K, used 13406K [0x00000000a2400000, 0x00000000a6300000, 0x00000000e0c00000)
  object space 64512K, 20% used [0x00000000a2400000,0x00000000a3117bd0,0x00000000a6300000)
 Metaspace       used 13061K, capacity 13568K, committed 13824K, reserved 1060864K
  class space    used 1579K, capacity 1707K, committed 1792K, reserved 1048576K
}
Event: 9.736 GC heap before
{Heap before GC invocations=8 (full 0):
 PSYoungGen      total 103936K, used 99330K [0x00000000e0c00000, 0x00000000ed700000, 0x0000000100000000)
  eden space 98304K, 100% used [0x00000000e0c00000,0x00000000e6c00000,0x00000000e6c00000)
  from space 5632K, 18% used [0x00000000e6c00000,0x00000000e6d00840,0x00000000e7180000)
  to   space 5632K, 0% used [0x00000000ed180000,0x00000000ed180000,0x00000000ed700000)
 ParOldGen       total 64512K, used 13406K [0x00000000a2400000, 0x00000000a6300000, 0x00000000e0c00000)
  object space 64512K, 20% used [0x00000000a2400000,0x00000000a3117bd0,0x00000000a6300000)
 Metaspace       used 13121K, capacity 13638K, committed 13824K, reserved 1060864K
  class space    used 1579K, capacity 1708K, committed 1792K, reserved 1048576K
Event: 9.739 GC heap after
Heap after GC invocations=8 (full 0):
 PSYoungGen      total 202240K, used 641K [0x00000000e0c00000, 0x00000000ed700000, 0x0000000100000000)
  eden space 196608K, 0% used [0x00000000e0c00000,0x00000000e0c00000,0x00000000ecc00000)
  from space 5632K, 11% used [0x00000000ed180000,0x00000000ed220480,0x00000000ed700000)
  to   space 5632K, 0% used [0x00000000ecc00000,0x00000000ecc00000,0x00000000ed180000)
 ParOldGen       total 64512K, used 13787K [0x00000000a2400000, 0x00000000a6300000, 0x00000000e0c00000)
  object space 64512K, 21% used [0x00000000a2400000,0x00000000a3176ef0,0x00000000a6300000)
 Metaspace       used 13121K, capacity 13638K, committed 13824K, reserved 1060864K
  class space    used 1579K, capacity 1708K, committed 1792K, reserved 1048576K
}
Event: 13.849 GC heap before
{Heap before GC invocations=9 (full 0):
 PSYoungGen      total 202240K, used 197249K [0x00000000e0c00000, 0x00000000ed700000, 0x0000000100000000)
  eden space 196608K, 100% used [0x00000000e0c00000,0x00000000ecc00000,0x00000000ecc00000)
  from space 5632K, 11% used [0x00000000ed180000,0x00000000ed220480,0x00000000ed700000)
  to   space 5632K, 0% used [0x00000000ecc00000,0x00000000ecc00000,0x00000000ed180000)
 ParOldGen       total 64512K, used 13787K [0x00000000a2400000, 0x00000000a6300000, 0x00000000e0c00000)
  object space 64512K, 21% used [0x00000000a2400000,0x00000000a3176ef0,0x00000000a6300000)
 Metaspace       used 13211K, capacity 13714K, committed 13824K, reserved 1060864K
  class space    used 1580K, capacity 1710K, committed 1792K, reserved 1048576K
Event: 13.853 GC heap after
Heap after GC invocations=9 (full 0):
 PSYoungGen      total 202240K, used 96K [0x00000000e0c00000, 0x00000000f4a80000, 0x0000000100000000)
  eden space 196608K, 0% used [0x00000000e0c00000,0x00000000e0c00000,0x00000000ecc00000)
  from space 5632K, 1% used [0x00000000ecc00000,0x00000000ecc18000,0x00000000ed180000)
  to   space 5632K, 0% used [0x00000000f4500000,0x00000000f4500000,0x00000000f4a80000)
 ParOldGen       total 64512K, used 14363K [0x00000000a2400000, 0x00000000a6300000, 0x00000000e0c00000)
  object space 64512K, 22% used [0x00000000a2400000,0x00000000a3206cb0,0x00000000a6300000)
 Metaspace       used 13211K, capacity 13714K, committed 13824K, reserved 1060864K
  class space    used 1580K, capacity 1710K, committed 1792K, reserved 1048576K
}

Deoptimization events (10 events):
Event: 9.425 Thread 0x0000000001d6e800 Uncommon trap: reason=bimorphic action=maybe_recompile pc=0x0000000002732fa4 method=jumpingalien.program.statement.Wait.execute(Ljumpingalien/model/GameObject;)Ljumpingalien/program/statement/ExecutionState; @ 15
Event: 11.211 Thread 0x0000000001d6e800 Uncommon trap: reason=unstable_if action=reinterpret pc=0x000000000281b9d0 method=jumpingalien.model.GameObject.noObjectMovementBlocking(Ljava/util/List;)Z @ 41
Event: 11.211 Thread 0x0000000001d6e800 Uncommon trap: reason=unstable_if action=reinterpret pc=0x000000000282e5d4 method=jumpingalien.model.GameObject.noObjectMovementBlocking(Ljava/util/List;)Z @ 41
Event: 11.211 Thread 0x0000000001d6e800 Uncommon trap: reason=unstable_if action=reinterpret pc=0x00000000026e2e94 method=jumpingalien.model.GameObject.noObjectMovementBlocking(Ljava/util/List;)Z @ 41
Event: 11.212 Thread 0x0000000001d6e800 Uncommon trap: reason=predicate action=maybe_recompile pc=0x000000000273c34c method=java.util.ArrayList.indexOf(Ljava/lang/Object;)I @ 44
Event: 12.286 Thread 0x0000000001d6e800 Uncommon trap: reason=unstable_if action=reinterpret pc=0x00000000027e2e00 method=jumpingalien.model.Plant.advanceTime(D)V @ 29
Event: 12.439 Thread 0x0000000001d6e800 Uncommon trap: reason=unstable_if action=reinterpret pc=0x0000000002803ce4 method=jumpingalien.model.GameObject.getTimestep(DD)D @ 33
Event: 13.162 Thread 0x0000000001d6e800 Uncommon trap: reason=bimorphic action=maybe_recompile pc=0x0000000002732fa4 method=jumpingalien.program.statement.Wait.execute(Ljumpingalien/model/GameObject;)Ljumpingalien/program/statement/ExecutionState; @ 15
Event: 15.851 Thread 0x0000000001d6e800 Uncommon trap: reason=unstable_if action=reinterpret pc=0x00000000027b6d54 method=jumpingalien.model.Mazub.getCurrentSprite()Ljumpingalien/util/Sprite; @ 135
Event: 15.853 Thread 0x0000000001d6e800 Uncommon trap: reason=unstable_if action=reinterpret pc=0x00000000027f2b1c method=jumpingalien.model.Mazub.getCurrentSprite()Ljumpingalien/util/Sprite; @ 135

Internal exceptions (10 events):
Event: 4.182 Thread 0x0000000001d6e800 Exception <a 'java/lang/ClassNotFoundException': sun/net/www/protocol/c/Handler> (0x00000000e2f242d8) thrown at [D:\re\workspace\8-2-build-windows-amd64-cygwin\jdk8u40\2855\hotspot\src\share\vm\classfile\systemDictionary.cpp, line 210]
Event: 4.209 Thread 0x0000000001d6e800 Exception <a 'java/lang/ClassNotFoundException': sun/net/www/protocol/c/Handler> (0x00000000e2f3fdf0) thrown at [D:\re\workspace\8-2-build-windows-amd64-cygwin\jdk8u40\2855\hotspot\src\share\vm\classfile\systemDictionary.cpp, line 210]
Event: 4.213 Thread 0x0000000001d6e800 Exception <a 'java/lang/ClassNotFoundException': sun/net/www/protocol/c/Handler> (0x00000000e2f5a198) thrown at [D:\re\workspace\8-2-build-windows-amd64-cygwin\jdk8u40\2855\hotspot\src\share\vm\classfile\systemDictionary.cpp, line 210]
Event: 4.221 Thread 0x0000000001d6e800 Exception <a 'java/lang/ClassNotFoundException': sun/net/www/protocol/c/Handler> (0x00000000e2f74670) thrown at [D:\re\workspace\8-2-build-windows-amd64-cygwin\jdk8u40\2855\hotspot\src\share\vm\classfile\systemDictionary.cpp, line 210]
Event: 4.225 Thread 0x0000000001d6e800 Exception <a 'java/lang/ClassNotFoundException': sun/net/www/protocol/c/Handler> (0x00000000e2f8ef00) thrown at [D:\re\workspace\8-2-build-windows-amd64-cygwin\jdk8u40\2855\hotspot\src\share\vm\classfile\systemDictionary.cpp, line 210]
Event: 4.283 Thread 0x0000000001d6e800 Exception <a 'java/lang/ClassNotFoundException': sun/net/www/protocol/c/Handler> (0x00000000e2fa9698) thrown at [D:\re\workspace\8-2-build-windows-amd64-cygwin\jdk8u40\2855\hotspot\src\share\vm\classfile\systemDictionary.cpp, line 210]
Event: 4.300 Thread 0x0000000001d6e800 Exception <a 'java/lang/ClassNotFoundException': sun/net/www/protocol/c/Handler> (0x00000000e2fd5ce0) thrown at [D:\re\workspace\8-2-build-windows-amd64-cygwin\jdk8u40\2855\hotspot\src\share\vm\classfile\systemDictionary.cpp, line 210]
Event: 4.319 Thread 0x0000000001d6e800 Exception <a 'java/lang/ClassNotFoundException': sun/net/www/protocol/c/Handler> (0x00000000e2ff91c0) thrown at [D:\re\workspace\8-2-build-windows-amd64-cygwin\jdk8u40\2855\hotspot\src\share\vm\classfile\systemDictionary.cpp, line 210]
Event: 14.701 Thread 0x0000000001d6e800 Exception <a 'java/lang/ClassNotFoundException': sun/net/www/protocol/c/Handler> (0x00000000e36f28d0) thrown at [D:\re\workspace\8-2-build-windows-amd64-cygwin\jdk8u40\2855\hotspot\src\share\vm\classfile\systemDictionary.cpp, line 210]
Event: 14.742 Thread 0x0000000001d6e800 Exception <a 'java/lang/ClassNotFoundException': sun/net/www/protocol/c/Handler> (0x00000000e370c9b8) thrown at [D:\re\workspace\8-2-build-windows-amd64-cygwin\jdk8u40\2855\hotspot\src\share\vm\classfile\systemDictionary.cpp, line 210]

Events (10 events):
Event: 14.742 loading class sun/net/www/protocol/c/Handler
Event: 14.742 loading class sun/net/www/protocol/c/Handler done
Event: 15.109 Thread 0x0000000001d6e800 DEOPT PACKING pc=0x0000000002738fcf sp=0x0000000001e6ebe0
Event: 15.109 Thread 0x0000000001d6e800 DEOPT UNPACKING pc=0x000000000218787f sp=0x0000000001e6e948 mode 0
Event: 15.851 Thread 0x0000000001d6e800 Uncommon trap: trap_request=0xffffff65 fr.pc=0x00000000027b6d54
Event: 15.851 Thread 0x0000000001d6e800 DEOPT PACKING pc=0x00000000027b6d54 sp=0x0000000001e6f210
Event: 15.851 Thread 0x0000000001d6e800 DEOPT UNPACKING pc=0x000000000218582a sp=0x0000000001e6f1b0 mode 2
Event: 15.853 Thread 0x0000000001d6e800 Uncommon trap: trap_request=0xffffff65 fr.pc=0x00000000027f2b1c
Event: 15.853 Thread 0x0000000001d6e800 DEOPT PACKING pc=0x00000000027f2b1c sp=0x0000000001e6f240
Event: 15.853 Thread 0x0000000001d6e800 DEOPT UNPACKING pc=0x000000000218582a sp=0x0000000001e6f0d0 mode 2


Dynamic libraries:
0x000000013f790000 - 0x000000013f7c7000 	C:\Program Files\Java\jre1.8.0_40\bin\javaw.exe
0x00000000776a0000 - 0x0000000077849000 	C:\Windows\SYSTEM32\ntdll.dll
0x0000000077480000 - 0x000000007759f000 	C:\Windows\system32\kernel32.dll
0x000007fefd5a0000 - 0x000007fefd60c000 	C:\Windows\system32\KERNELBASE.dll
0x000007feff8d0000 - 0x000007feff9ab000 	C:\Windows\system32\ADVAPI32.dll
0x000007fefee40000 - 0x000007fefeedf000 	C:\Windows\system32\msvcrt.dll
0x000007feff440000 - 0x000007feff45f000 	C:\Windows\SYSTEM32\sechost.dll
0x000007feff640000 - 0x000007feff76d000 	C:\Windows\system32\RPCRT4.dll
0x00000000775a0000 - 0x000000007769a000 	C:\Windows\system32\USER32.dll
0x000007feff1f0000 - 0x000007feff257000 	C:\Windows\system32\GDI32.dll
0x000007feff190000 - 0x000007feff19e000 	C:\Windows\system32\LPK.dll
0x000007feff260000 - 0x000007feff329000 	C:\Windows\system32\USP10.dll
0x000007fefba30000 - 0x000007fefbc24000 	C:\Windows\WinSxS\amd64_microsoft.windows.common-controls_6595b64144ccf1df_6.0.7601.17514_none_fa396087175ac9ac\COMCTL32.dll
0x000007feff5c0000 - 0x000007feff631000 	C:\Windows\system32\SHLWAPI.dll
0x000007feff770000 - 0x000007feff79e000 	C:\Windows\system32\IMM32.DLL
0x000007feff330000 - 0x000007feff439000 	C:\Windows\system32\MSCTF.dll
0x000000005ac90000 - 0x000000005ad62000 	C:\Program Files\Java\jre1.8.0_40\bin\msvcr100.dll
0x0000000056ba0000 - 0x0000000057423000 	C:\Program Files\Java\jre1.8.0_40\bin\server\jvm.dll
0x000007fef8f40000 - 0x000007fef8f49000 	C:\Windows\system32\WSOCK32.dll
0x000007feff1a0000 - 0x000007feff1ed000 	C:\Windows\system32\WS2_32.dll
0x000007feff840000 - 0x000007feff848000 	C:\Windows\system32\NSI.dll
0x000007fef7780000 - 0x000007fef77bb000 	C:\Windows\system32\WINMM.dll
0x000007fefc4a0000 - 0x000007fefc4ac000 	C:\Windows\system32\VERSION.dll
0x0000000077870000 - 0x0000000077877000 	C:\Windows\system32\PSAPI.DLL
0x0000000072390000 - 0x000000007239f000 	C:\Program Files\Java\jre1.8.0_40\bin\verify.dll
0x000000006ef70000 - 0x000000006ef99000 	C:\Program Files\Java\jre1.8.0_40\bin\java.dll
0x0000000071c20000 - 0x0000000071c36000 	C:\Program Files\Java\jre1.8.0_40\bin\zip.dll
0x000007fefdcc0000 - 0x000007fefea48000 	C:\Windows\system32\SHELL32.dll
0x000007fefeee0000 - 0x000007feff0e3000 	C:\Windows\system32\ole32.dll
0x000007fefd450000 - 0x000007fefd45f000 	C:\Windows\system32\profapi.dll
0x0000000059cf0000 - 0x0000000059e88000 	C:\Program Files\Java\jre1.8.0_40\bin\awt.dll
0x000007fefed60000 - 0x000007fefee37000 	C:\Windows\system32\OLEAUT32.dll
0x000007fefb5a0000 - 0x000007fefb5b8000 	C:\Windows\system32\DWMAPI.DLL
0x000007fefb980000 - 0x000007fefb9d6000 	C:\Windows\system32\uxtheme.dll
0x000007fefd2c0000 - 0x000007fefd2cf000 	C:\Windows\system32\CRYPTBASE.dll
0x000000005b7e0000 - 0x000000005b827000 	C:\Program Files\Java\jre1.8.0_40\bin\fontmanager.dll
0x000007feff0f0000 - 0x000007feff189000 	C:\Windows\system32\CLBCatQ.DLL
0x000000005e640000 - 0x000000005e65a000 	C:\Program Files\Java\jre1.8.0_40\bin\net.dll
0x000007fefcc00000 - 0x000007fefcc55000 	C:\Windows\system32\mswsock.dll
0x000007fefcbf0000 - 0x000007fefcbf7000 	C:\Windows\System32\wship6.dll
0x000000005e3e0000 - 0x000000005e3f1000 	C:\Program Files\Java\jre1.8.0_40\bin\nio.dll
0x000000005b830000 - 0x000000005b871000 	C:\Program Files\Java\jre1.8.0_40\bin\t2k.dll
0x000007fefcc60000 - 0x000007fefcc77000 	C:\Windows\system32\CRYPTSP.dll
0x000007fefc960000 - 0x000007fefc9a7000 	C:\Windows\system32\rsaenh.dll
0x000007fefc690000 - 0x000007fefc6ae000 	C:\Windows\system32\USERENV.dll
0x000007fefa420000 - 0x000007fefa447000 	C:\Windows\system32\IPHLPAPI.DLL
0x000007fefa410000 - 0x000007fefa41b000 	C:\Windows\system32\WINNSI.DLL
0x000007fefa1a0000 - 0x000007fefa1b1000 	C:\Windows\system32\dhcpcsvc6.DLL
0x000007fefa180000 - 0x000007fefa198000 	C:\Windows\system32\dhcpcsvc.DLL
0x000007fefb020000 - 0x000007fefb145000 	C:\Windows\system32\dbghelp.dll

VM Arguments:
jvm_args: -Dfile.encoding=Cp1252 
java_command: jumpingalien.part3.JumpingAlienPart3
java_class_path (initial): C:\Users\gebruiker\Documents\objectgericht programmeren\project\Jumping-Alien-2\bin;C:\Users\gebruiker\Documents\objectgericht programmeren\project\Jumping-Alien-2\lib\AnnotationsDoclets.jar;C:\Users\gebruiker\Documents\objectgericht programmeren\project\Jumping-Alien-2\lib\antlr-4.5-complete.jar;C:\Users\gebruiker\Downloads\eclipse-java-luna-SR1a-win32-x86_64\eclipse\plugins\org.junit_4.11.0.v201303080030\junit.jar;C:\Users\gebruiker\Downloads\eclipse-java-luna-SR1a-win32-x86_64\eclipse\plugins\org.hamcrest.core_1.3.0.v201303031735.jar
Launcher Type: SUN_STANDARD

Environment Variables:
JAVA_HOME=C:\Program Files\Java\jdk1.8.0_40
PATH=C:/Program Files/Java/jre1.8.0_40/bin/server;C:/Program Files/Java/jre1.8.0_40/bin;C:/Program Files/Java/jre1.8.0_40/lib/amd64;C:\ProgramData\Oracle\Java\javapath;C:\watcom-1.3\binnt;C:\watcom-1.3\binw;C:\Users\gebruiker\binnt;C:\Users\gebruiker\binw;C:\Program Files (x86)\Common Files\Intel\Shared Libraries\redist\ia32\compiler;C:\Program Files (x86)\AMD APP\bin\x86_64;C:\Program Files (x86)\AMD APP\bin\x86;C:\Program Files\Common Files\Microsoft Shared\Windows Live;C:\Program Files (x86)\Common Files\Microsoft Shared\Windows Live;C:\Windows\system32;C:\Windows;C:\Windows\System32\Wbem;C:\Windows\System32\WindowsPowerShell\v1.0\;C:\Program Files (x86)\Windows Live\Shared;C:\Program Files (x86)\ATI Technologies\ATI.ACE\Core-Static;C:\Program Files (x86)\EgisTec MyWinLocker\x64;C:\Program Files (x86)\EgisTec MyWinLocker\;C:\Program Files (x86)\MiKTeX 2.9\miktex\bin\;C:\Program Files\Microsoft SQL Server\110\Tools\Binn\;C:\Program Files (x86)\WinAnt\bin;C:\Users\gebruiker\Downloads\eclipse-java-luna-SR1a-win32-x86_64\eclipse;
USERNAME=gebruiker
OS=Windows_NT
PROCESSOR_IDENTIFIER=Intel64 Family 6 Model 42 Stepping 7, GenuineIntel



---------------  S Y S T E M  ---------------

OS: Windows 7 , 64 bit Build 7601 (6.1.7601.18409)

CPU:total 4 (2 cores per cpu, 2 threads per core) family 6 model 42 stepping 7, cmov, cx8, fxsr, mmx, sse, sse2, sse3, ssse3, sse4.1, sse4.2, popcnt, avx, aes, clmul, ht, tsc, tscinvbit

Memory: 4k page, physical 6139760k(2874360k free), swap 12277656k(8298664k free)

vm_info: Java HotSpot(TM) 64-Bit Server VM (25.40-b25) for windows-amd64 JRE (1.8.0_40-b25), built on Feb 10 2015 21:53:57 by "java_re" with MS VC++ 10.0 (VS2010)

time: Sat May 16 17:11:23 2015
elapsed time: 16 seconds (0d 0h 0m 16s)

