#
# A fatal error has been detected by the Java Runtime Environment:
#
#  EXCEPTION_ACCESS_VIOLATION (0xc0000005) at pc=0x00000000656aba20, pid=4584, tid=4880
#
# JRE version: Java(TM) SE Runtime Environment (8.0_40-b25) (build 1.8.0_40-b25)
# Java VM: Java HotSpot(TM) 64-Bit Server VM (25.40-b25 mixed mode windows-amd64 compressed oops)
# Problematic frame:
# V  [jvm.dll+0xcba20]
#
# Failed to write core dump. Minidumps are not enabled by default on client versions of Windows
#
# If you would like to submit a bug report, please visit:
#   http://bugreport.java.com/bugreport/crash.jsp
#

---------------  T H R E A D  ---------------

Current thread (0x0000000055ee9000):  JavaThread "C2 CompilerThread0" daemon [_thread_in_native, id=4880, stack(0x00000000579b0000,0x0000000057ab0000)]

siginfo: ExceptionCode=0xc0000005, reading address 0x0000000000000048

Registers:
RAX=0x0000000000000001, RBX=0x0000000001f56ff0, RCX=0x00000000772a139a, RDX=0x0000000000000000
RSP=0x0000000057aaed10, RBP=0x0000000000000001, RSI=0x0000000000000040, RDI=0x0000000000000040
R8 =0x0000000057aaecd8, R9 =0x0000000000000001, R10=0x0000000000000000, R11=0x0000000000000246
R12=0x0000000000000001, R13=0x0000000000000001, R14=0x0000000055ee06e0, R15=0x00000000576d2d40
RIP=0x00000000656aba20, EFLAGS=0x0000000000010202

Top of Stack: (sp=0x0000000057aaed10)
0x0000000057aaed10:   0000000001f56ff0 0000000000000000
0x0000000057aaed20:   0000000000000000 0000000000000000
0x0000000057aaed30:   0000000055ee9000 0000000057aaf060
0x0000000057aaed40:   0000000000000000 00000000656ac340
0x0000000057aaed50:   0000000057aaf060 0000000055ee9000
0x0000000057aaed60:   0000000057aaf608 0000000000000001
0x0000000057aaed70:   0000000000000000 0000000065a2ffbc
0x0000000057aaed80:   0000000057aaee00 0000000065c35f88
0x0000000057aaed90:   0000000000000001 0000000000000001
0x0000000057aaeda0:   0000000065c35f88 0000000065a30151
0x0000000057aaedb0:   0000000057aaf9a0 0000000055ee9000
0x0000000057aaedc0:   0000000055ee06e0 0000000065c35f88
0x0000000057aaedd0:   00000000ffffffff 0000000065855201
0x0000000057aaede0:   0000000065bb5701 0000000057aaf901
0x0000000057aaedf0:   00000000ffffffff 00000000656abb01
0x0000000057aaee00:   0000000000000000 0000000057aaee00 

Instructions: (pc=0x00000000656aba20)
0x00000000656aba00:   48 85 c9 0f 84 dc 00 00 00 57 48 83 ec 30 48 89
0x00000000656aba10:   5c 24 28 48 8b f9 48 89 74 24 20 0f 1f 44 00 00
0x00000000656aba20:   48 8b 47 08 48 8b 37 48 3d d8 00 00 00 74 6f 48
0x00000000656aba30:   3d d8 03 00 00 74 4f 48 3d d8 27 00 00 74 2f 48 


Register to memory mapping:

RAX=0x0000000000000001 is an unknown value
RBX=0x0000000001f56ff0 is an unknown value
RCX=0x00000000772a139a is an unknown value
RDX=0x0000000000000000 is an unknown value
RSP=0x0000000057aaed10 is pointing into the stack for thread: 0x0000000055ee9000
RBP=0x0000000000000001 is an unknown value
RSI=0x0000000000000040 is an unknown value
RDI=0x0000000000000040 is an unknown value
R8 =0x0000000057aaecd8 is pointing into the stack for thread: 0x0000000055ee9000
R9 =0x0000000000000001 is an unknown value
R10=0x0000000000000000 is an unknown value
R11=0x0000000000000246 is an unknown value
R12=0x0000000000000001 is an unknown value
R13=0x0000000000000001 is an unknown value
R14=0x0000000055ee06e0 is an unknown value
R15=0x00000000576d2d40 is an unknown value


Stack: [0x00000000579b0000,0x0000000057ab0000],  sp=0x0000000057aaed10,  free space=1019k
Native frames: (J=compiled Java code, j=interpreted, Vv=VM code, C=native code)
V  [jvm.dll+0xcba20]
V  [jvm.dll+0xcc340]
V  [jvm.dll+0x44ffbc]
V  [jvm.dll+0x450151]
V  [jvm.dll+0xa4312]
V  [jvm.dll+0xa4c4f]
V  [jvm.dll+0x241914]
V  [jvm.dll+0x29848a]
C  [msvcr100.dll+0x21d9f]
C  [msvcr100.dll+0x21e3b]
C  [kernel32.dll+0x159ed]
C  [ntdll.dll+0x2c541]


Current CompileTask:
C2:    271  110       4       java.lang.String::hashCode (55 bytes)


---------------  P R O C E S S  ---------------

Java Threads: ( => current thread )
  0x0000000057707800 JavaThread "ReaderThread" [_thread_in_native, id=3976, stack(0x0000000058070000,0x0000000058170000)]
  0x0000000057630800 JavaThread "Service Thread" daemon [_thread_blocked, id=4368, stack(0x0000000057dd0000,0x0000000057ed0000)]
  0x0000000055eef000 JavaThread "C1 CompilerThread2" daemon [_thread_in_native, id=5116, stack(0x0000000057b40000,0x0000000057c40000)]
  0x0000000055eee000 JavaThread "C2 CompilerThread1" daemon [_thread_blocked, id=1096, stack(0x0000000057c60000,0x0000000057d60000)]
=>0x0000000055ee9000 JavaThread "C2 CompilerThread0" daemon [_thread_in_native, id=4880, stack(0x00000000579b0000,0x0000000057ab0000)]
  0x0000000055ee6800 JavaThread "Attach Listener" daemon [_thread_blocked, id=2128, stack(0x00000000574b0000,0x00000000575b0000)]
  0x0000000055ee3000 JavaThread "Signal Dispatcher" daemon [_thread_blocked, id=4360, stack(0x00000000572c0000,0x00000000573c0000)]
  0x0000000055e87000 JavaThread "Finalizer" daemon [_thread_blocked, id=4888, stack(0x0000000057120000,0x0000000057220000)]
  0x0000000055e80000 JavaThread "Reference Handler" daemon [_thread_blocked, id=4920, stack(0x0000000056dd0000,0x0000000056ed0000)]
  0x0000000001f1e800 JavaThread "main" [_thread_in_native, id=4820, stack(0x00000000021c0000,0x00000000022c0000)]

Other Threads:
  0x0000000055e7a000 VMThread [stack: 0x0000000056fa0000,0x00000000570a0000] [id=600]
  0x000000005764c000 WatcherThread [stack: 0x0000000057f70000,0x0000000058070000] [id=2700]

VM state:not at safepoint (normal execution)

VM Mutex/Monitor currently owned by a thread: None

Heap:
 PSYoungGen      total 28160K, used 3932K [0x00000000e0c00000, 0x00000000e2b00000, 0x0000000100000000)
  eden space 24576K, 16% used [0x00000000e0c00000,0x00000000e0fd7380,0x00000000e2400000)
  from space 3584K, 0% used [0x00000000e2780000,0x00000000e2780000,0x00000000e2b00000)
  to   space 3584K, 0% used [0x00000000e2400000,0x00000000e2400000,0x00000000e2780000)
 ParOldGen       total 64512K, used 0K [0x00000000a2400000, 0x00000000a6300000, 0x00000000e0c00000)
  object space 64512K, 0% used [0x00000000a2400000,0x00000000a2400000,0x00000000a6300000)
 Metaspace       used 4025K, capacity 4756K, committed 4864K, reserved 1056768K
  class space    used 454K, capacity 464K, committed 512K, reserved 1048576K

Card table byte_map: [0x0000000011950000,0x0000000011c40000] byte_map_base: 0x000000001143e000

Marking Bits: (ParMarkBitMap*) 0x0000000065de4040
 Begin Bits: [0x0000000012320000, 0x0000000013a90000)
 End Bits:   [0x0000000013a90000, 0x0000000015200000)

Polling page: 0x00000000000b0000

CodeCache: size=245760Kb used=1324Kb max_used=1335Kb free=244435Kb
 bounds [0x0000000002590000, 0x0000000002800000, 0x0000000011590000]
 total_blobs=395 nmethods=128 adapters=180
 compilation: enabled

Compilation events (10 events):
Event: 0.195 Thread 0x0000000055eef000 nmethod 123 0x00000000026da650 code [0x00000000026da7a0, 0x00000000026da890]
Event: 0.195 Thread 0x0000000055eef000  124       1       java.lang.StringCoding$StringDecoder::requestedCharsetName (5 bytes)
Event: 0.195 Thread 0x0000000055eef000 nmethod 124 0x00000000026da390 code [0x00000000026da4e0, 0x00000000026da5f0]
Event: 0.195 Thread 0x0000000055eef000  125       3       sun.nio.cs.UTF_8$Decoder::decode (779 bytes)
Event: 0.209 Thread 0x0000000055eee000  129       4       java.lang.String::startsWith (72 bytes)
Event: 0.212 Thread 0x0000000055eee000 nmethod 129 0x00000000026d8fd0 code [0x00000000026d9120, 0x00000000026d92d8]
Event: 0.212 Thread 0x0000000055eee000  132       4       java.lang.CharacterData::of (120 bytes)
Event: 0.212 Thread 0x0000000055eee000 nmethod 132 0x00000000026d8d90 code [0x00000000026d8ec0, 0x00000000026d8f38]
Event: 0.212 Thread 0x0000000055eee000  135       4       java.lang.CharacterDataLatin1::toLowerCase (39 bytes)
Event: 0.213 Thread 0x0000000055eee000 nmethod 135 0x00000000026d8ad0 code [0x00000000026d8c00, 0x00000000026d8cb8]

GC Heap History (0 events):
No events

Deoptimization events (0 events):
No events

Internal exceptions (2 events):
Event: 0.053 Thread 0x0000000001f1e800 Exception <a 'java/lang/NoSuchMethodError': Method sun.misc.Unsafe.defineClass(Ljava/lang/String;[BII)Ljava/lang/Class; name or signature does not match> (0x00000000e0c0dac0) thrown at [D:\re\workspace\8-2-build-windows-amd64-cygwin\jdk8u40\2855\hotspot\srè{žíöª?
Event: 0.053 Thread 0x0000000001f1e800 Exception <a 'java/lang/NoSuchMethodError': Method sun.misc.Unsafe.prefetchRead(Ljava/lang/Object;J)V name or signature does not match> (0x00000000e0c0dd50) thrown at [D:\re\workspace\8-2-build-windows-amd64-cygwin\jdk8u40\2855\hotspot\src\share\vm\prims\j

Events (10 events):
Event: 0.216 loading class java/security/KeyFactory
Event: 0.216 loading class java/security/KeyFactory done
Event: 0.216 loading class sun/security/jca/ProviderList$ServiceList
Event: 0.216 loading class sun/security/jca/ProviderList$ServiceList done
Event: 0.216 loading class sun/security/jca/ProviderList$ServiceList$1
Event: 0.216 loading class sun/security/jca/ProviderList$ServiceList$1 done
Event: 0.216 loading class sun/security/rsa/SunRsaSign
Event: 0.216 loading class sun/security/rsa/SunRsaSign done
Event: 0.217 loading class sun/security/rsa/SunRsaSignEntries
Event: 0.217 loading class sun/security/rsa/SunRsaSignEntries done


Dynamic libraries:
0x000000013faf0000 - 0x000000013fb27000 	C:\Program Files\Java\jre1.8.0_40\bin\javaw.exe
0x0000000077250000 - 0x00000000773f9000 	C:\Windows\SYSTEM32\ntdll.dll
0x0000000077130000 - 0x000000007724f000 	C:\Windows\system32\kernel32.dll
0x000007fefd230000 - 0x000007fefd29c000 	C:\Windows\system32\KERNELBASE.dll
0x000007fefd430000 - 0x000007fefd50b000 	C:\Windows\system32\ADVAPI32.dll
0x000007fefd6f0000 - 0x000007fefd78f000 	C:\Windows\system32\msvcrt.dll
0x000007fefe2e0000 - 0x000007fefe2ff000 	C:\Windows\SYSTEM32\sechost.dll
0x000007fefd790000 - 0x000007fefd8bd000 	C:\Windows\system32\RPCRT4.dll
0x0000000077030000 - 0x000000007712a000 	C:\Windows\system32\USER32.dll
0x000007fefdbe0000 - 0x000007fefdc47000 	C:\Windows\system32\GDI32.dll
0x000007fefe740000 - 0x000007fefe74e000 	C:\Windows\system32\LPK.dll
0x000007fefdb10000 - 0x000007fefdbd9000 	C:\Windows\system32\USP10.dll
0x000007fefbb10000 - 0x000007fefbd04000 	C:\Windows\WinSxS\amd64_microsoft.windows.common-controls_6595b64144ccf1df_6.0.7601.17514_none_fa396087175ac9ac\COMCTL32.dll
0x000007fefdef0000 - 0x000007fefdf61000 	C:\Windows\system32\SHLWAPI.dll
0x000007fefdc70000 - 0x000007fefdc9e000 	C:\Windows\system32\IMM32.DLL
0x000007fefd960000 - 0x000007fefda69000 	C:\Windows\system32\MSCTF.dll
0x000000006a6c0000 - 0x000000006a792000 	C:\Program Files\Java\jre1.8.0_40\bin\msvcr100.dll
0x00000000655e0000 - 0x0000000065e63000 	C:\Program Files\Java\jre1.8.0_40\bin\server\jvm.dll
0x000007fef8980000 - 0x000007fef8989000 	C:\Windows\system32\WSOCK32.dll
0x000007fefe6f0000 - 0x000007fefe73d000 	C:\Windows\system32\WS2_32.dll
0x000007fefdca0000 - 0x000007fefdca8000 	C:\Windows\system32\NSI.dll
0x000007fef6e10000 - 0x000007fef6e4b000 	C:\Windows\system32\WINMM.dll
0x000007fefc030000 - 0x000007fefc03c000 	C:\Windows\system32\VERSION.dll
0x0000000077420000 - 0x0000000077427000 	C:\Windows\system32\PSAPI.DLL
0x00000000734d0000 - 0x00000000734df000 	C:\Program Files\Java\jre1.8.0_40\bin\verify.dll
0x00000000734a0000 - 0x00000000734c9000 	C:\Program Files\Java\jre1.8.0_40\bin\java.dll
0x0000000073480000 - 0x0000000073496000 	C:\Program Files\Java\jre1.8.0_40\bin\zip.dll
0x000007fefe750000 - 0x000007feff4d8000 	C:\Windows\system32\SHELL32.dll
0x000007fefe0d0000 - 0x000007fefe2d3000 	C:\Windows\system32\ole32.dll
0x000007fefd000000 - 0x000007fefd00f000 	C:\Windows\system32\profapi.dll
0x00000000727e0000 - 0x00000000727fa000 	C:\Program Files\Java\jre1.8.0_40\bin\net.dll
0x000007fefc770000 - 0x000007fefc7c5000 	C:\Windows\system32\mswsock.dll
0x000007fefc760000 - 0x000007fefc767000 	C:\Windows\System32\wship6.dll
0x000007fefab20000 - 0x000007fefac45000 	C:\Windows\system32\dbghelp.dll

VM Arguments:
jvm_args: -ea -Dfile.encoding=Cp1252 
java_command: org.eclipse.jdt.internal.junit.runner.RemoteTestRunner -version 3 -port 49255 -testLoaderClass org.eclipse.jdt.internal.junit4.runner.JUnit4TestLoader -loaderpluginname org.eclipse.jdt.junit4.runtime -classNames jumpingalien.model.EnemyTest
java_class_path (initial): C:\Users\gebruiker\Documents\objectgericht programmeren\project\Jumping-Alien-2\bin;C:\Users\gebruiker\Documents\objectgericht programmeren\project\Jumping-Alien-2\lib\AnnotationsDoclets.jar;C:\Users\gebruiker\Downloads\eclipse-java-luna-SR1a-win32-x86_64\eclipse\plugins\org.junit_4.11.0.v201303080030\junit.jar;C:\Users\gebruiker\Downloads\eclipse-java-luna-SR1a-win32-x86_64\eclipse\plugins\org.hamcrest.core_1.3.0.v201303031735.jar;/C:/Users/gebruiker/Downloads/eclipse-java-luna-SR1a-win32-x86_64/eclipse/configuration/org.eclipse.osgi/205/0/.cp/;/C:/Users/gebruiker/Downloads/eclipse-java-luna-SR1a-win32-x86_64/eclipse/configuration/org.eclipse.osgi/204/0/.cp/
Launcher Type: SUN_STANDARD

Environment Variables:
JAVA_HOME=C:\Program Files\Java\jdk1.8.0_40
PATH=C:/Program Files/Java/jre1.8.0_40/bin/server;C:/Program Files/Java/jre1.8.0_40/bin;C:/Program Files/Java/jre1.8.0_40/lib/amd64;C:\ProgramData\Oracle\Java\javapath;C:\watcom-1.3\binnt;C:\watcom-1.3\binw;C:\Users\gebruiker\binnt;C:\Users\gebruiker\binw;C:\Program Files (x86)\Common Files\Intel\Shared Libraries\redist\ia32\compiler;C:\Program Files (x86)\AMD APP\bin\x86_64;C:\Program Files (x86)\AMD APP\bin\x86;C:\Program Files\Common Files\Microsoft Shared\Windows Live;C:\Program Files (x86)\Common Files\Microsoft Shared\Windows Live;C:\Windows\system32;C:\Windows;C:\Windows\System32\Wbem;C:\Windows\System32\WindowsPowerShell\v1.0\;C:\Program Files (x86)\Windows Live\Shared;C:\Program Files (x86)\ATI Technologies\ATI.ACE\Core-Static;C:\Program Files (x86)\EgisTec MyWinLocker\x64;C:\Program Files (x86)\EgisTec MyWinLocker\;C:\Program Files (x86)\MiKTeX 2.9\miktex\bin\;C:\Program Files\Microsoft SQL Server\110\Tools\Binn\;C:\Program Files (x86)\WinAnt\bin;C:\Users\gebruiker\Downloads\eclipse-java-luna-SR1a-win32-x86_64\eclipse;
USERNAME=gebruiker
OS=Windows_NT
PROCESSOR_IDENTIFIER=Intel64 Family 6 Model 42 Stepping 7, GenuineIntel



---------------  S Y S T E M  ---------------

OS: Windows 7 , 64 bit Build 7601 (6.1.7601.18409)

CPU:total 4 (2 cores per cpu, 2 threads per core) family 6 model 42 stepping 7, cmov, cx8, fxsr, mmx, sse, sse2, sse3, ssse3, sse4.1, sse4.2, popcnt, avx, aes, clmul, ht, tsc, tscinvbit

Memory: 4k page, physical 6139760k(3969780k free), swap 12277656k(9873812k free)

vm_info: Java HotSpot(TM) 64-Bit Server VM (25.40-b25) for windows-amd64 JRE (1.8.0_40-b25), built on Feb 10 2015 21:53:57 by "java_re" with MS VC++ 10.0 (VS2010)

time: Tue Apr 14 16:47:25 2015
elapsed time: 0 seconds (0d 0h 0m 0s)

