#
# A fatal error has been detected by the Java Runtime Environment:
#
#  EXCEPTION_ACCESS_VIOLATION (0xc0000005) at pc=0x0000000055c7252d, pid=4496, tid=5208
#
# JRE version: Java(TM) SE Runtime Environment (8.0_40-b25) (build 1.8.0_40-b25)
# Java VM: Java HotSpot(TM) 64-Bit Server VM (25.40-b25 mixed mode windows-amd64 compressed oops)
# Problematic frame:
# V  [jvm.dll+0x50252d]
#
# Failed to write core dump. Minidumps are not enabled by default on client versions of Windows
#
# If you would like to submit a bug report, please visit:
#   http://bugreport.java.com/bugreport/crash.jsp
#

---------------  T H R E A D  ---------------

Current thread (0x00000000569fb000):  JavaThread "C2 CompilerThread1" daemon [_thread_in_native, id=5208, stack(0x0000000058080000,0x0000000058180000)]

siginfo: ExceptionCode=0xc0000005, reading address 0x0000000000000040

Registers:
RAX=0x00000000592ade50, RBX=0x0000000000003c37, RCX=0x0000000000000040, RDX=0x000000005817eaa0
RSP=0x000000005817bb90, RBP=0x000000005817bc09, RSI=0x000000005817c760, RDI=0x000000000001e1b8
R8 =0x0000000055dd9b58, R9 =0x0000000000000000, R10=0x0000000000000000, R11=0x0000000055dd9b58
R12=0x0000000058f8f040, R13=0x000000000000000d, R14=0x0000000000000e8f, R15=0x0000000055d45678
RIP=0x0000000055c7252d, EFLAGS=0x0000000000010202

Top of Stack: (sp=0x000000005817bb90)
0x000000005817bb90:   00000000000028e8 000000005817c760
0x000000005817bba0:   000000005819f640 000000007fffffff
0x000000005817bbb0:   000000005817c760 0000000055bd80f6
0x000000005817bbc0:   000000005817bc09 0000000000000e8e
0x000000005817bbd0:   00000000582d5650 000000005918d0a0
0x000000005817bbe0:   00000000569f5210 0000000000001000
0x000000005817bbf0:   0000000058c98800 0000000000000e8f
0x000000005817bc00:   0000000055dd8538 00000000569f5210
0x000000005817bc10:   0000000000000200 0000000058d43ae0
0x000000005817bc20:   0000000000000000 0000000055c7310a
0x000000005817bc30:   0000000055d45678 00000000000302e8
0x000000005817bc40:   00000000582d5f18 00000000582d5650
0x000000005817bc50:   00000000582cdf30 000000005817e840
0x000000005817bc60:   000000005817bd70 0000000055bdb571
0x000000005817bc70:   00000000569f5210 000000005817c760
0x000000005817bc80:   000000000000000d 000000005817e840 

Instructions: (pc=0x0000000055c7252d)
0x0000000055c7250d:   30 4c 89 64 24 40 8b fb 66 66 66 0f 1f 84 00 00
0x0000000055c7251d:   00 00 00 48 8b 46 48 48 8b 0c 07 48 85 c9 74 21
0x0000000055c7252d:   48 8b 01 ff 50 68 4c 8b e0 3b 5e 40 72 0b 48 8d
0x0000000055c7253d:   4e 38 8b d3 e8 fa 7b fe ff 48 8b 4e 48 4c 89 24 


Register to memory mapping:

RAX=0x00000000592ade50 is an unknown value
RBX=0x0000000000003c37 is an unknown value
RCX=0x0000000000000040 is an unknown value
RDX=0x000000005817eaa0 is pointing into the stack for thread: 0x00000000569fb000
RSP=0x000000005817bb90 is pointing into the stack for thread: 0x00000000569fb000
RBP=0x000000005817bc09 is pointing into the stack for thread: 0x00000000569fb000
RSI=0x000000005817c760 is pointing into the stack for thread: 0x00000000569fb000
RDI=0x000000000001e1b8 is an unknown value
R8 =0x0000000055dd9b58 is an unknown value
R9 =0x0000000000000000 is an unknown value
R10=0x0000000000000000 is an unknown value
R11=0x0000000055dd9b58 is an unknown value
R12=0x0000000058f8f040 is an unknown value
R13=0x000000000000000d is an unknown value
R14=0x0000000000000e8f is an unknown value
R15=0x0000000055d45678 is an unknown value


Stack: [0x0000000058080000,0x0000000058180000],  sp=0x000000005817bb90,  free space=1006k
Native frames: (J=compiled Java code, j=interpreted, Vv=VM code, C=native code)
V  [jvm.dll+0x50252d]
V  [jvm.dll+0x4680f6]
V  [jvm.dll+0x46b571]
V  [jvm.dll+0x46ccbe]
V  [jvm.dll+0x4500d2]
V  [jvm.dll+0xa4312]
V  [jvm.dll+0xa4c4f]
V  [jvm.dll+0x241914]
V  [jvm.dll+0x29848a]
C  [msvcr100.dll+0x21d9f]
C  [msvcr100.dll+0x21e3b]
C  [kernel32.dll+0x159ed]
C  [ntdll.dll+0x2c541]


Current CompileTask:
C2:   2282 1051       4       jumpingalien.model.World::collisionDetect (389 bytes)


---------------  P R O C E S S  ---------------

Java Threads: ( => current thread )
  0x0000000058b37800 JavaThread "Java2D Disposer" daemon [_thread_blocked, id=4772, stack(0x00000000595b0000,0x00000000596b0000)]
  0x000000005829b000 JavaThread "ReaderThread" [_thread_in_native, id=3476, stack(0x00000000589d0000,0x0000000058ad0000)]
  0x000000005819a000 JavaThread "Service Thread" daemon [_thread_blocked, id=5036, stack(0x00000000585e0000,0x00000000586e0000)]
  0x00000000569fc000 JavaThread "C1 CompilerThread2" daemon [_thread_blocked, id=5760, stack(0x0000000057af0000,0x0000000057bf0000)]
=>0x00000000569fb000 JavaThread "C2 CompilerThread1" daemon [_thread_in_native, id=5208, stack(0x0000000058080000,0x0000000058180000)]
  0x00000000569f7000 JavaThread "C2 CompilerThread0" daemon [_thread_in_native, id=3656, stack(0x0000000057e50000,0x0000000057f50000)]
  0x00000000569f4800 JavaThread "Attach Listener" daemon [_thread_blocked, id=4620, stack(0x0000000057f50000,0x0000000058050000)]
  0x00000000569f1000 JavaThread "Signal Dispatcher" daemon [_thread_blocked, id=4604, stack(0x0000000057d20000,0x0000000057e20000)]
  0x0000000056991800 JavaThread "Finalizer" daemon [_thread_blocked, id=5312, stack(0x0000000057bf0000,0x0000000057cf0000)]
  0x0000000056990800 JavaThread "Reference Handler" daemon [_thread_blocked, id=5792, stack(0x0000000057980000,0x0000000057a80000)]
  0x0000000001e5e800 JavaThread "main" [_thread_blocked, id=4224, stack(0x00000000020c0000,0x00000000021c0000)]

Other Threads:
  0x000000005698a800 VMThread [stack: 0x0000000057780000,0x0000000057880000] [id=2056]
  0x00000000581df800 WatcherThread [stack: 0x0000000058790000,0x0000000058890000] [id=5596]

VM state:at safepoint (normal execution)

VM Mutex/Monitor currently owned by a thread:  ([mutex/lock_event])
[0x0000000001e5ccb0] Threads_lock - owner thread: 0x000000005698a800
[0x0000000001e5d1b0] Heap_lock - owner thread: 0x0000000001e5e800

Heap:
 PSYoungGen      total 101888K, used 100950K [0x00000000e0c00000, 0x00000000e7300000, 0x0000000100000000)
  eden space 98304K, 100% used [0x00000000e0c00000,0x00000000e6c00000,0x00000000e6c00000)
  from space 3584K, 73% used [0x00000000e6f80000,0x00000000e7215828,0x00000000e7300000)
  to   space 3584K, 73% used [0x00000000e6c00000,0x00000000e6e93738,0x00000000e6f80000)
 ParOldGen       total 64512K, used 40K [0x00000000a2400000, 0x00000000a6300000, 0x00000000e0c00000)
  object space 64512K, 0% used [0x00000000a2400000,0x00000000a240a000,0x00000000a6300000)
 Metaspace       used 9555K, capacity 9684K, committed 9856K, reserved 1058816K
  class space    used 1059K, capacity 1117K, committed 1152K, reserved 1048576K

Card table byte_map: [0x0000000011850000,0x0000000011b40000] byte_map_base: 0x000000001133e000

Marking Bits: (ParMarkBitMap*) 0x0000000055f74040
 Begin Bits: [0x00000000123b0000, 0x0000000013b20000)
 End Bits:   [0x0000000013b20000, 0x0000000015290000)

Polling page: 0x0000000000130000

CodeCache: size=245760Kb used=3837Kb max_used=3837Kb free=241922Kb
 bounds [0x0000000002490000, 0x0000000002860000, 0x0000000011490000]
 total_blobs=1497 nmethods=1059 adapters=351
 compilation: enabled

Compilation events (10 events):
Event: 2.198 Thread 0x00000000569fc000 1042   !   3       java.io.PrintWriter::println (27 bytes)
Event: 2.198 Thread 0x00000000569fc000 nmethod 1042 0x0000000002839d90 code [0x0000000002839f40, 0x000000000283a4f8]
Event: 2.198 Thread 0x00000000569fc000 1043       3       org.eclipse.jdt.internal.junit4.runner.JUnit4Identifier::<init> (10 bytes)
Event: 2.198 Thread 0x00000000569fc000 nmethod 1043 0x000000000281ee10 code [0x000000000281ef60, 0x000000000281f130]
Event: 2.198 Thread 0x00000000569fc000 1046       1       org.junit.runner.notification.RunNotifier::access$000 (5 bytes)
Event: 2.199 Thread 0x00000000569fc000 nmethod 1046 0x00000000027e5890 code [0x00000000027e59e0, 0x00000000027e5ad0]
Event: 2.199 Thread 0x00000000569fc000 1047       1       jumpingalien.model.World::getWindowMargin (4 bytes)
Event: 2.199 Thread 0x00000000569fc000 nmethod 1047 0x000000000281eb50 code [0x000000000281eca0, 0x000000000281ed90]
Event: 2.204 Thread 0x00000000569fb000 1051       4       jumpingalien.model.World::collisionDetect (389 bytes)
Event: 2.206 Thread 0x00000000569f7000 1052       4       jumpingalien.model.World::collisionDetectBasic (279 bytes)

GC Heap History (8 events):
Event: 1.286 GC heap before
{Heap before GC invocations=1 (full 0):
 PSYoungGen      total 28160K, used 24576K [0x00000000e0c00000, 0x00000000e2b00000, 0x0000000100000000)
  eden space 24576K, 100% used [0x00000000e0c00000,0x00000000e2400000,0x00000000e2400000)
  from space 3584K, 0% used [0x00000000e2780000,0x00000000e2780000,0x00000000e2b00000)
  to   space 3584K, 0% used [0x00000000e2400000,0x00000000e2400000,0x00000000e2780000)
 ParOldGen       total 64512K, used 0K [0x00000000a2400000, 0x00000000a6300000, 0x00000000e0c00000)
  object space 64512K, 0% used [0x00000000a2400000,0x00000000a2400000,0x00000000a6300000)
 Metaspace       used 9464K, capacity 9602K, committed 9856K, reserved 1058816K
  class space    used 1054K, capacity 1114K, committed 1152K, reserved 1048576K
Event: 1.310 GC heap after
Heap after GC invocations=1 (full 0):
 PSYoungGen      total 28160K, used 2982K [0x00000000e0c00000, 0x00000000e4300000, 0x0000000100000000)
  eden space 24576K, 0% used [0x00000000e0c00000,0x00000000e0c00000,0x00000000e2400000)
  from space 3584K, 83% used [0x00000000e2400000,0x00000000e26e9838,0x00000000e2780000)
  to   space 3584K, 0% used [0x00000000e3f80000,0x00000000e3f80000,0x00000000e4300000)
 ParOldGen       total 64512K, used 16K [0x00000000a2400000, 0x00000000a6300000, 0x00000000e0c00000)
  object space 64512K, 0% used [0x00000000a2400000,0x00000000a2404000,0x00000000a6300000)
 Metaspace       used 9464K, capacity 9602K, committed 9856K, reserved 1058816K
  class space    used 1054K, capacity 1114K, committed 1152K, reserved 1048576K
}
Event: 1.393 GC heap before
{Heap before GC invocations=2 (full 0):
 PSYoungGen      total 28160K, used 27558K [0x00000000e0c00000, 0x00000000e4300000, 0x0000000100000000)
  eden space 24576K, 100% used [0x00000000e0c00000,0x00000000e2400000,0x00000000e2400000)
  from space 3584K, 83% used [0x00000000e2400000,0x00000000e26e9838,0x00000000e2780000)
  to   space 3584K, 0% used [0x00000000e3f80000,0x00000000e3f80000,0x00000000e4300000)
 ParOldGen       total 64512K, used 16K [0x00000000a2400000, 0x00000000a6300000, 0x00000000e0c00000)
  object space 64512K, 0% used [0x00000000a2400000,0x00000000a2404000,0x00000000a6300000)
 Metaspace       used 9491K, capacity 9666K, committed 9856K, reserved 1058816K
  class space    used 1055K, capacity 1114K, committed 1152K, reserved 1048576K
Event: 1.396 GC heap after
Heap after GC invocations=2 (full 0):
 PSYoungGen      total 52736K, used 2632K [0x00000000e0c00000, 0x00000000e4300000, 0x0000000100000000)
  eden space 49152K, 0% used [0x00000000e0c00000,0x00000000e0c00000,0x00000000e3c00000)
  from space 3584K, 73% used [0x00000000e3f80000,0x00000000e42122f8,0x00000000e4300000)
  to   space 3584K, 0% used [0x00000000e3c00000,0x00000000e3c00000,0x00000000e3f80000)
 ParOldGen       total 64512K, used 24K [0x00000000a2400000, 0x00000000a6300000, 0x00000000e0c00000)
  object space 64512K, 0% used [0x00000000a2400000,0x00000000a2406000,0x00000000a6300000)
 Metaspace       used 9491K, capacity 9666K, committed 9856K, reserved 1058816K
  class space    used 1055K, capacity 1114K, committed 1152K, reserved 1048576K
}
Event: 1.630 GC heap before
{Heap before GC invocations=3 (full 0):
 PSYoungGen      total 52736K, used 51784K [0x00000000e0c00000, 0x00000000e4300000, 0x0000000100000000)
  eden space 49152K, 100% used [0x00000000e0c00000,0x00000000e3c00000,0x00000000e3c00000)
  from space 3584K, 73% used [0x00000000e3f80000,0x00000000e42122f8,0x00000000e4300000)
  to   space 3584K, 0% used [0x00000000e3c00000,0x00000000e3c00000,0x00000000e3f80000)
 ParOldGen       total 64512K, used 24K [0x00000000a2400000, 0x00000000a6300000, 0x00000000e0c00000)
  object space 64512K, 0% used [0x00000000a2400000,0x00000000a2406000,0x00000000a6300000)
 Metaspace       used 9534K, capacity 9684K, committed 9856K, reserved 1058816K
  class space    used 1059K, capacity 1117K, committed 1152K, reserved 1048576K
Event: 1.634 GC heap after
Heap after GC invocations=3 (full 0):
 PSYoungGen      total 52736K, used 2696K [0x00000000e0c00000, 0x00000000e7300000, 0x0000000100000000)
  eden space 49152K, 0% used [0x00000000e0c00000,0x00000000e0c00000,0x00000000e3c00000)
  from space 3584K, 75% used [0x00000000e3c00000,0x00000000e3ea22f8,0x00000000e3f80000)
  to   space 3584K, 0% used [0x00000000e6f80000,0x00000000e6f80000,0x00000000e7300000)
 ParOldGen       total 64512K, used 32K [0x00000000a2400000, 0x00000000a6300000, 0x00000000e0c00000)
  object space 64512K, 0% used [0x00000000a2400000,0x00000000a2408000,0x00000000a6300000)
 Metaspace       used 9534K, capacity 9684K, committed 9856K, reserved 1058816K
  class space    used 1059K, capacity 1117K, committed 1152K, reserved 1048576K
}
Event: 1.822 GC heap before
{Heap before GC invocations=4 (full 0):
 PSYoungGen      total 52736K, used 51848K [0x00000000e0c00000, 0x00000000e7300000, 0x0000000100000000)
  eden space 49152K, 100% used [0x00000000e0c00000,0x00000000e3c00000,0x00000000e3c00000)
  from space 3584K, 75% used [0x00000000e3c00000,0x00000000e3ea22f8,0x00000000e3f80000)
  to   space 3584K, 0% used [0x00000000e6f80000,0x00000000e6f80000,0x00000000e7300000)
 ParOldGen       total 64512K, used 32K [0x00000000a2400000, 0x00000000a6300000, 0x00000000e0c00000)
  object space 64512K, 0% used [0x00000000a2400000,0x00000000a2408000,0x00000000a6300000)
 Metaspace       used 9537K, capacity 9684K, committed 9856K, reserved 1058816K
  class space    used 1059K, capacity 1117K, committed 1152K, reserved 1048576K
Event: 1.826 GC heap after
Heap after GC invocations=4 (full 0):
 PSYoungGen      total 101888K, used 2646K [0x00000000e0c00000, 0x00000000e7300000, 0x0000000100000000)
  eden space 98304K, 0% used [0x00000000e0c00000,0x00000000e0c00000,0x00000000e6c00000)
  from space 3584K, 73% used [0x00000000e6f80000,0x00000000e7215828,0x00000000e7300000)
  to   space 3584K, 0% used [0x00000000e6c00000,0x00000000e6c00000,0x00000000e6f80000)
 ParOldGen       total 64512K, used 40K [0x00000000a2400000, 0x00000000a6300000, 0x00000000e0c00000)
  object space 64512K, 0% used [0x00000000a2400000,0x00000000a240a000,0x00000000a6300000)
 Metaspace       used 9537K, capacity 9684K, committed 9856K, reserved 1058816K
  class space    used 1059K, capacity 1117K, committed 1152K, reserved 1048576K
}

Deoptimization events (10 events):
Event: 1.902 Thread 0x0000000001e5e800 Uncommon trap: reason=unstable_if action=reinterpret pc=0x00000000028167a8 method=jumpingalien.model.Mazub.getCurrentSprite()Ljumpingalien/util/Sprite; @ 87
Event: 1.903 Thread 0x0000000001e5e800 Uncommon trap: reason=unstable_if action=reinterpret pc=0x00000000027cd760 method=jumpingalien.model.Mazub.getCurrentSprite()Ljumpingalien/util/Sprite; @ 87
Event: 2.042 Thread 0x0000000001e5e800 Uncommon trap: reason=unstable_if action=reinterpret pc=0x000000000280bc20 method=jumpingalien.model.Mazub.getCurrentSprite()Ljumpingalien/util/Sprite; @ 94
Event: 2.042 Thread 0x0000000001e5e800 Uncommon trap: reason=unstable_if action=reinterpret pc=0x000000000282680c method=jumpingalien.model.Mazub.getCurrentSprite()Ljumpingalien/util/Sprite; @ 94
Event: 2.042 Thread 0x0000000001e5e800 Uncommon trap: reason=unstable_if action=reinterpret pc=0x000000000280ad60 method=jumpingalien.model.Mazub.getCurrentSprite()Ljumpingalien/util/Sprite; @ 94
Event: 2.191 Thread 0x0000000001e5e800 Uncommon trap: reason=unstable_if action=reinterpret pc=0x000000000283387c method=jumpingalien.model.World.collisionDetect(Ljumpingalien/model/GameObject;II)Ljava/util/List; @ 163
Event: 2.191 Thread 0x0000000001e5e800 Uncommon trap: reason=unstable_if action=reinterpret pc=0x00000000027e8694 method=jumpingalien.model.World.collisionDetectObject(Ljumpingalien/model/GameObject;Ljumpingalien/model/GameObject;IILjava/util/List;)V @ 2
Event: 2.191 Thread 0x0000000001e5e800 Uncommon trap: reason=unstable_if action=reinterpret pc=0x00000000027c6438 method=jumpingalien.model.GameObject.noObjectMovementBlocking(Ljava/util/List;)Z @ 41
Event: 2.206 Thread 0x0000000001e5e800 Uncommon trap: reason=predicate action=maybe_recompile pc=0x000000000283e574 method=java.util.ArrayList.indexOf(Ljava/lang/Object;)I @ 44
Event: 2.207 Thread 0x0000000001e5e800 Uncommon trap: reason=predicate action=maybe_recompile pc=0x00000000027a0a78 method=java.util.ArrayList.indexOf(Ljava/lang/Object;)I @ 44

Internal exceptions (10 events):
Event: 0.049 Thread 0x0000000001e5e800 Exception <a 'java/lang/NoSuchMethodError': Method sun.misc.Unsafe.defineClass(Ljava/lang/String;[BII)Ljava/lang/Class; name or signature does not match> (0x00000000e0c0dde8) thrown at [D:\re\workspace\8-2-build-windows-amd64-cygwin\jdk8u40\2855\hotspot\srüMT»2©?
Event: 0.049 Thread 0x0000000001e5e800 Exception <a 'java/lang/NoSuchMethodError': Method sun.misc.Unsafe.prefetchRead(Ljava/lang/Object;J)V name or signature does not match> (0x00000000e0c0e078) thrown at [D:\re\workspace\8-2-build-windows-amd64-cygwin\jdk8u40\2855\hotspot\src\share\vm\prims\jü[:2¢¡‡?
Event: 0.524 Thread 0x0000000001e5e800 Exception <a 'java/security/PrivilegedActionException'> (0x00000000e124add0) thrown at [D:\re\workspace\8-2-build-windows-amd64-cygwin\jdk8u40\2855\hotspot\src\share\vm\prims\jvm.cpp, line 1382]
Event: 0.524 Thread 0x0000000001e5e800 Exception <a 'java/security/PrivilegedActionException'> (0x00000000e124b118) thrown at [D:\re\workspace\8-2-build-windows-amd64-cygwin\jdk8u40\2855\hotspot\src\share\vm\prims\jvm.cpp, line 1382]
Event: 0.525 Thread 0x0000000001e5e800 Exception <a 'java/security/PrivilegedActionException'> (0x00000000e124ef30) thrown at [D:\re\workspace\8-2-build-windows-amd64-cygwin\jdk8u40\2855\hotspot\src\share\vm\prims\jvm.cpp, line 1382]
Event: 0.525 Thread 0x0000000001e5e800 Exception <a 'java/security/PrivilegedActionException'> (0x00000000e124f278) thrown at [D:\re\workspace\8-2-build-windows-amd64-cygwin\jdk8u40\2855\hotspot\src\share\vm\prims\jvm.cpp, line 1382]
Event: 0.650 Thread 0x0000000001e5e800 Exception <a 'java/io/FileNotFoundException'> (0x00000000e13d7d78) thrown at [D:\re\workspace\8-2-build-windows-amd64-cygwin\jdk8u40\2855\hotspot\src\share\vm\prims\jni.cpp, line 709]
Event: 0.976 Thread 0x0000000001e5e800 Exception <a 'java/lang/NoSuchFieldError': method resolution failed> (0x00000000e15d8998) thrown at [D:\re\workspace\8-2-build-windows-amd64-cygwin\jdk8u40\2855\hotspot\src\share\vm\prims\methodHandles.cpp, line 1125]
Event: 0.982 Thread 0x0000000001e5e800 Exception <a 'java/lang/NoSuchFieldError': method resolution failed> (0x00000000e15e7388) thrown at [D:\re\workspace\8-2-build-windows-amd64-cygwin\jdk8u40\2855\hotspot\src\share\vm\prims\methodHandles.cpp, line 1125]
Event: 1.045 Thread 0x0000000001e5e800 Exception <a 'java/io/FileNotFoundException'> (0x00000000e16877d0) thrown at [D:\re\workspace\8-2-build-windows-amd64-cygwin\jdk8u40\2855\hotspot\src\share\vm\prims\jni.cpp, line 709]

Events (10 events):
Event: 2.200 Thread 0x0000000001e5e800 DEOPT PACKING pc=0x000000000284c570 sp=0x00000000021be0c0
Event: 2.200 Thread 0x0000000001e5e800 DEOPT UNPACKING pc=0x00000000024d787f sp=0x00000000021bde70 mode 0
Event: 2.204 Thread 0x0000000001e5e800 DEOPT PACKING pc=0x000000000284c570 sp=0x00000000021be070
Event: 2.204 Thread 0x0000000001e5e800 DEOPT UNPACKING pc=0x00000000024d787f sp=0x00000000021bde20 mode 0
Event: 2.206 Thread 0x0000000001e5e800 Uncommon trap: trap_request=0xffffff86 fr.pc=0x000000000283e574
Event: 2.206 Thread 0x0000000001e5e800 DEOPT PACKING pc=0x000000000283e574 sp=0x00000000021be120
Event: 2.206 Thread 0x0000000001e5e800 DEOPT UNPACKING pc=0x00000000024d582a sp=0x00000000021bdf50 mode 2
Event: 2.207 Thread 0x0000000001e5e800 Uncommon trap: trap_request=0xffffff86 fr.pc=0x00000000027a0a78
Event: 2.207 Thread 0x0000000001e5e800 DEOPT PACKING pc=0x00000000027a0a78 sp=0x00000000021be010
Event: 2.207 Thread 0x0000000001e5e800 DEOPT UNPACKING pc=0x00000000024d582a sp=0x00000000021bdf48 mode 2


Dynamic libraries:
0x000000013f860000 - 0x000000013f897000 	C:\Program Files\Java\jre1.8.0_40\bin\javaw.exe
0x0000000077520000 - 0x00000000776c9000 	C:\Windows\SYSTEM32\ntdll.dll
0x0000000077400000 - 0x000000007751f000 	C:\Windows\system32\kernel32.dll
0x000007fefd5b0000 - 0x000007fefd61c000 	C:\Windows\system32\KERNELBASE.dll
0x000007fefd850000 - 0x000007fefd92b000 	C:\Windows\system32\ADVAPI32.dll
0x000007fefe080000 - 0x000007fefe11f000 	C:\Windows\system32\msvcrt.dll
0x000007fefe120000 - 0x000007fefe13f000 	C:\Windows\SYSTEM32\sechost.dll
0x000007fefdc30000 - 0x000007fefdd5d000 	C:\Windows\system32\RPCRT4.dll
0x0000000077300000 - 0x00000000773fa000 	C:\Windows\system32\USER32.dll
0x000007fefe140000 - 0x000007fefe1a7000 	C:\Windows\system32\GDI32.dll
0x000007feff380000 - 0x000007feff38e000 	C:\Windows\system32\LPK.dll
0x000007fefe1b0000 - 0x000007fefe279000 	C:\Windows\system32\USP10.dll
0x000007fefbc40000 - 0x000007fefbe34000 	C:\Windows\WinSxS\amd64_microsoft.windows.common-controls_6595b64144ccf1df_6.0.7601.17514_none_fa396087175ac9ac\COMCTL32.dll
0x000007feff390000 - 0x000007feff401000 	C:\Windows\system32\SHLWAPI.dll
0x000007fefdd60000 - 0x000007fefdd8e000 	C:\Windows\system32\IMM32.DLL
0x000007fefdf70000 - 0x000007fefe079000 	C:\Windows\system32\MSCTF.dll
0x000000005efa0000 - 0x000000005f072000 	C:\Program Files\Java\jre1.8.0_40\bin\msvcr100.dll
0x0000000055770000 - 0x0000000055ff3000 	C:\Program Files\Java\jre1.8.0_40\bin\server\jvm.dll
0x000007fef92e0000 - 0x000007fef92e9000 	C:\Windows\system32\WSOCK32.dll
0x000007fefdbe0000 - 0x000007fefdc2d000 	C:\Windows\system32\WS2_32.dll
0x000007fefd700000 - 0x000007fefd708000 	C:\Windows\system32\NSI.dll
0x000007fef9e20000 - 0x000007fef9e5b000 	C:\Windows\system32\WINMM.dll
0x000007fefc320000 - 0x000007fefc32c000 	C:\Windows\system32\VERSION.dll
0x00000000776f0000 - 0x00000000776f7000 	C:\Windows\system32\PSAPI.DLL
0x0000000074850000 - 0x000000007485f000 	C:\Program Files\Java\jre1.8.0_40\bin\verify.dll
0x0000000070800000 - 0x0000000070829000 	C:\Program Files\Java\jre1.8.0_40\bin\java.dll
0x000000006ca60000 - 0x000000006ca76000 	C:\Program Files\Java\jre1.8.0_40\bin\zip.dll
0x000007fefe5f0000 - 0x000007feff378000 	C:\Windows\system32\SHELL32.dll
0x000007fefe3e0000 - 0x000007fefe5e3000 	C:\Windows\system32\ole32.dll
0x000007fefd2d0000 - 0x000007fefd2df000 	C:\Windows\system32\profapi.dll
0x0000000060460000 - 0x000000006047a000 	C:\Program Files\Java\jre1.8.0_40\bin\net.dll
0x000007fefca80000 - 0x000007fefcad5000 	C:\Windows\system32\mswsock.dll
0x000007fefca70000 - 0x000007fefca77000 	C:\Windows\System32\wship6.dll
0x000000005ee00000 - 0x000000005ef98000 	C:\Program Files\Java\jre1.8.0_40\bin\awt.dll
0x000007feff470000 - 0x000007feff547000 	C:\Windows\system32\OLEAUT32.dll
0x000007fefcae0000 - 0x000007fefcaf7000 	C:\Windows\system32\CRYPTSP.dll
0x000007fefc7e0000 - 0x000007fefc827000 	C:\Windows\system32\rsaenh.dll
0x000007fefc500000 - 0x000007fefc51e000 	C:\Windows\system32\USERENV.dll
0x000007fefd140000 - 0x000007fefd14f000 	C:\Windows\system32\CRYPTBASE.dll
0x000007fefab50000 - 0x000007fefab77000 	C:\Windows\system32\IPHLPAPI.DLL
0x000007fefab40000 - 0x000007fefab4b000 	C:\Windows\system32\WINNSI.DLL
0x000007fefa940000 - 0x000007fefa958000 	C:\Windows\system32\dhcpcsvc.DLL
0x000007fefa960000 - 0x000007fefa971000 	C:\Windows\system32\dhcpcsvc6.DLL
0x0000000060440000 - 0x0000000060451000 	C:\Program Files\Java\jre1.8.0_40\bin\nio.dll
0x000007fefb420000 - 0x000007fefb438000 	C:\Windows\system32\DWMAPI.DLL
0x000007fef9810000 - 0x000007fef9935000 	C:\Windows\system32\dbghelp.dll

VM Arguments:
jvm_args: -ea -Dfile.encoding=Cp1252 
java_command: org.eclipse.jdt.internal.junit.runner.RemoteTestRunner -version 3 -port 51153 -testLoaderClass org.eclipse.jdt.internal.junit4.runner.JUnit4TestLoader -loaderpluginname org.eclipse.jdt.junit4.runtime -testNameFile C:\Users\GEBRUI~1\AppData\Local\Temp\testNames1903665537863581876.txt
java_class_path (initial): C:\Users\gebruiker\Documents\objectgericht programmeren\project\Jumping-Alien-2\bin;C:\Users\gebruiker\Documents\objectgericht programmeren\project\Jumping-Alien-2\lib\AnnotationsDoclets.jar;C:\Users\gebruiker\Documents\objectgericht programmeren\project\Jumping-Alien-2\lib\antlr-4.5-complete.jar;C:\Users\gebruiker\Downloads\eclipse-java-luna-SR1a-win32-x86_64\eclipse\plugins\org.junit_4.11.0.v201303080030\junit.jar;C:\Users\gebruiker\Downloads\eclipse-java-luna-SR1a-win32-x86_64\eclipse\plugins\org.hamcrest.core_1.3.0.v201303031735.jar;/C:/Users/gebruiker/Downloads/eclipse-java-luna-SR1a-win32-x86_64/eclipse/configuration/org.eclipse.osgi/205/0/.cp/;/C:/Users/gebruiker/Downloads/eclipse-java-luna-SR1a-win32-x86_64/eclipse/configuration/org.eclipse.osgi/204/0/.cp/
Launcher Type: SUN_STANDARD

Environment Variables:
JAVA_HOME=C:\Program Files\Java\jdk1.8.0_40
PATH=C:/Program Files/Java/jre1.8.0_40/bin/server;C:/Program Files/Java/jre1.8.0_40/bin;C:/Program Files/Java/jre1.8.0_40/lib/amd64;C:\ProgramData\Oracle\Java\javapath;C:\watcom-1.3\binnt;C:\watcom-1.3\binw;C:\Users\gebruiker\binnt;C:\Users\gebruiker\binw;C:\Program Files (x86)\Common Files\Intel\Shared Libraries\redist\ia32\compiler;C:\Program Files (x86)\AMD APP\bin\x86_64;C:\Program Files (x86)\AMD APP\bin\x86;C:\Program Files\Common Files\Microsoft Shared\Windows Live;C:\Program Files (x86)\Common Files\Microsoft Shared\Windows Live;C:\Windows\system32;C:\Windows;C:\Windows\System32\Wbem;C:\Windows\System32\WindowsPowerShell\v1.0\;C:\Program Files (x86)\Windows Live\Shared;C:\Program Files (x86)\ATI Technologies\ATI.ACE\Core-Static;C:\Program Files (x86)\EgisTec MyWinLocker\x64;C:\Program Files (x86)\EgisTec MyWinLocker\;C:\Program Files (x86)\MiKTeX 2.9\miktex\bin\;C:\Program Files\Microsoft SQL Server\110\Tools\Binn\;C:\Program Files (x86)\WinAnt\bin;C:\Users\gebruiker\Downloads\eclipse-java-luna-SR1a-win32-x86_64\eclipse;
USERNAME=gebruiker
OS=Windows_NT
PROCESSOR_IDENTIFIER=Intel64 Family 6 Model 42 Stepping 7, GenuineIntel



---------------  S Y S T E M  ---------------

OS: Windows 7 , 64 bit Build 7601 (6.1.7601.18409)

CPU:total 4 (2 cores per cpu, 2 threads per core) family 6 model 42 stepping 7, cmov, cx8, fxsr, mmx, sse, sse2, sse3, ssse3, sse4.1, sse4.2, popcnt, avx, aes, clmul, ht, tsc, tscinvbit

Memory: 4k page, physical 6139760k(3417812k free), swap 12277656k(9123660k free)

vm_info: Java HotSpot(TM) 64-Bit Server VM (25.40-b25) for windows-amd64 JRE (1.8.0_40-b25), built on Feb 10 2015 21:53:57 by "java_re" with MS VC++ 10.0 (VS2010)

time: Wed May 20 14:32:16 2015
elapsed time: 2 seconds (0d 0h 0m 2s)

