#
# A fatal error has been detected by the Java Runtime Environment:
#
#  EXCEPTION_ACCESS_VIOLATION (0xc0000005) at pc=0x000000005e4cb7c3, pid=4260, tid=3360
#
# JRE version: Java(TM) SE Runtime Environment (8.0_40-b25) (build 1.8.0_40-b25)
# Java VM: Java HotSpot(TM) 64-Bit Server VM (25.40-b25 mixed mode windows-amd64 compressed oops)
# Problematic frame:
# V  [jvm.dll+0xab7c3]
#
# Failed to write core dump. Minidumps are not enabled by default on client versions of Windows
#
# If you would like to submit a bug report, please visit:
#   http://bugreport.java.com/bugreport/crash.jsp
#

---------------  T H R E A D  ---------------

Current thread (0x0000000055dea000):  VMThread [stack: 0x0000000056eb0000,0x0000000056fb0000] [id=3360]

siginfo: ExceptionCode=0xc0000005, reading address 0xffffffffffffffff

Registers:
RAX=0x3fc56e4120000000, RBX=0x000000005a9d3510, RCX=0x000000005a9d3510, RDX=0x0000000000001de0
RSP=0x0000000056faeed8, RBP=0x0000000000000000, RSI=0x00000000000003d8, RDI=0x0000000055cd54f0
R8 =0x000000005a9d3558, R9 =0x0000000000000007, R10=0x0000000000000007, R11=0x000000000000009a
R12=0x0000000001fdf030, R13=0x000000000269e198, R14=0x0000000000000000, R15=0x0000000055de8f50
RIP=0x000000005e4cb7c3, EFLAGS=0x0000000000010293

Top of Stack: (sp=0x0000000056faeed8)
0x0000000056faeed8:   000000005e4cc3bc 0000000056faf050
0x0000000056faeee8:   00000000000003d8 0000000055cd54f0
0x0000000056faeef8:   0000000000000000 00000000000003d8
0x0000000056faef08:   0000000055cd5500 0000000055cd58d8
0x0000000056faef18:   0000000000000000 0000000000000000
0x0000000056faef28:   0000000000000000 000000000000ffff
0x0000000056faef38:   0000000000000000 0000000000000000
0x0000000056faef48:   000000000000000d 0000000000000000
0x0000000056faef58:   000000000269e198 0000000001fdf030
0x0000000056faef68:   0000000056faf080 0000000056faf050
0x0000000056faef78:   0000000000000000 0000000056faf020
0x0000000056faef88:   000000005e6f3730 0000000056faf050
0x0000000056faef98:   0000000056faf080 0000000055cd54f0
0x0000000056faefa8:   0000000055de8f50 0000000000000000
0x0000000056faefb8:   0000000000000000 000000005ebc2378
0x0000000056faefc8:   000000005e6f3b9b 0000000056faf020 

Instructions: (pc=0x000000005e4cb7c3)
0x000000005e4cb7a3:   24 08 4c 63 19 45 33 d2 48 8b d9 45 8b ca 4d 85
0x000000005e4cb7b3:   db 7e 20 4c 8b 41 08 66 0f 1f 44 00 00 49 8b 00
0x000000005e4cb7c3:   39 10 7d 0f 49 ff c1 41 ff c2 49 83 c0 08 4d 3b
0x000000005e4cb7d3:   cb 7c ea 48 8b 43 08 48 8b 5c 24 08 49 63 ca 48 


Register to memory mapping:

RAX=0x3fc56e4120000000 is an unknown value
RBX=0x000000005a9d3510 is an unknown value
RCX=0x000000005a9d3510 is an unknown value
RDX=0x0000000000001de0 is an unknown value
RSP=0x0000000056faeed8 is an unknown value
RBP=0x0000000000000000 is an unknown value
RSI=0x00000000000003d8 is an unknown value
RDI=0x0000000055cd54f0 is an unknown value
R8 =0x000000005a9d3558 is an unknown value
R9 =0x0000000000000007 is an unknown value
R10=0x0000000000000007 is an unknown value
R11=0x000000000000009a is an unknown value
R12=0x0000000001fdf030 is pointing into the stack for thread: 0x00000000002ae800
R13=0x000000000269e198 is at entry_point+56 in (nmethod*)0x000000000269e010
R14=0x0000000000000000 is an unknown value
R15=0x0000000055de8f50 is an unknown value


Stack: [0x0000000056eb0000,0x0000000056fb0000],  sp=0x0000000056faeed8,  free space=1019k
Native frames: (J=compiled Java code, j=interpreted, Vv=VM code, C=native code)

VM_Operation (0x0000000001fdede0): ParallelGCFailedAllocation, mode: safepoint, requested by thread 0x00000000002ae800


---------------  P R O C E S S  ---------------

Java Threads: ( => current thread )
  0x0000000058092800 JavaThread "AWT-EventQueue-0" [_thread_blocked, id=5556, stack(0x0000000058f40000,0x0000000059040000)]
  0x0000000058074000 JavaThread "AWT-Windows" daemon [_thread_in_native, id=5896, stack(0x0000000058af0000,0x0000000058bf0000)]
  0x0000000058073800 JavaThread "AWT-Shutdown" [_thread_blocked, id=5316, stack(0x0000000058c30000,0x0000000058d30000)]
  0x000000005807e800 JavaThread "Java2D Disposer" daemon [_thread_blocked, id=1372, stack(0x0000000058980000,0x0000000058a80000)]
  0x000000005761d800 JavaThread "Service Thread" daemon [_thread_blocked, id=1064, stack(0x0000000057dd0000,0x0000000057ed0000)]
  0x00000000575a2000 JavaThread "C1 CompilerThread2" daemon [_thread_blocked, id=2148, stack(0x0000000057c00000,0x0000000057d00000)]
  0x00000000575a1000 JavaThread "C2 CompilerThread1" daemon [_thread_blocked, id=5876, stack(0x0000000057a60000,0x0000000057b60000)]
  0x0000000055e59800 JavaThread "C2 CompilerThread0" daemon [_thread_blocked, id=5604, stack(0x00000000574a0000,0x00000000575a0000)]
  0x0000000055e57000 JavaThread "Attach Listener" daemon [_thread_blocked, id=5824, stack(0x00000000571f0000,0x00000000572f0000)]
  0x0000000055e54000 JavaThread "Signal Dispatcher" daemon [_thread_blocked, id=2020, stack(0x0000000057340000,0x0000000057440000)]
  0x0000000055dfa800 JavaThread "Finalizer" daemon [_thread_blocked, id=3940, stack(0x0000000057090000,0x0000000057190000)]
  0x0000000055df3800 JavaThread "Reference Handler" daemon [_thread_blocked, id=1996, stack(0x0000000056d40000,0x0000000056e40000)]
  0x00000000002ae800 JavaThread "main" [_thread_blocked, id=2988, stack(0x0000000001ee0000,0x0000000001fe0000)]

Other Threads:
=>0x0000000055dea000 VMThread [stack: 0x0000000056eb0000,0x0000000056fb0000] [id=3360]
  0x0000000057629000 WatcherThread [stack: 0x0000000057f60000,0x0000000058060000] [id=6052]

VM state:at safepoint (normal execution)

VM Mutex/Monitor currently owned by a thread:  ([mutex/lock_event])
[0x00000000002aca30] Safepoint_lock - owner thread: 0x0000000055dea000
[0x00000000002acab0] Threads_lock - owner thread: 0x0000000055dea000
[0x00000000002acfb0] Heap_lock - owner thread: 0x00000000002ae800

Heap:
 PSYoungGen      total 24064K, used 21568K [0x00000000e0c00000, 0x00000000e2600000, 0x0000000100000000)
  eden space 21504K, 100% used [0x00000000e0c00000,0x00000000e2100000,0x00000000e2100000)
  from space 2560K, 2% used [0x00000000e2380000,0x00000000e2390000,0x00000000e2600000)
  to   space 2560K, 0% used [0x00000000e2100000,0x00000000e2100000,0x00000000e2380000)
 ParOldGen       total 64512K, used 6101K [0x00000000a2400000, 0x00000000a6300000, 0x00000000e0c00000)
  object space 64512K, 9% used [0x00000000a2400000,0x00000000a29f54b8,0x00000000a6300000)
 Metaspace       used 11686K, capacity 12184K, committed 12288K, reserved 1060864K
  class space    used 1365K, capacity 1479K, committed 1536K, reserved 1048576K

Card table byte_map: [0x0000000011670000,0x0000000011960000] byte_map_base: 0x000000001115e000

Marking Bits: (ParMarkBitMap*) 0x000000005ec24040
 Begin Bits: [0x0000000012290000, 0x0000000013a00000)
 End Bits:   [0x0000000013a00000, 0x0000000015170000)

Polling page: 0x0000000000120000

CodeCache: size=245760Kb used=6439Kb max_used=6443Kb free=239320Kb
 bounds [0x00000000022b0000, 0x0000000002910000, 0x00000000112b0000]
 total_blobs=2272 nmethods=1786 adapters=398
 compilation: enabled

Compilation events (10 events):
Event: 61.886 Thread 0x00000000575a1000 1799       4       jumpingalien.part2.facade.Facade::getBottomLeftPixelOfTile (26 bytes)
Event: 61.886 Thread 0x0000000055e59800 1798       4       jumpingalien.part2.internal.JumpingAlienGamePart2$2::lambda$3 (22 bytes)
Event: 61.889 Thread 0x00000000575a1000 nmethod 1799 0x00000000028e6690 code [0x00000000028e67e0, 0x00000000028e68d8]
Event: 61.892 Thread 0x0000000055e59800 nmethod 1798 0x00000000028e61d0 code [0x00000000028e6320, 0x00000000028e6498]
Event: 62.055 Thread 0x00000000575a1000 1800       4       jumpingalien.model.World::collisionAdd (55 bytes)
Event: 62.089 Thread 0x00000000575a1000 nmethod 1800 0x00000000028ee2d0 code [0x00000000028ee460, 0x00000000028eec98]
Event: 62.285 Thread 0x0000000055e59800 1801       4       jumpingalien.part2.internal.TilePainter::paintTile (515 bytes)
Event: 62.358 Thread 0x0000000055e59800 nmethod 1801 0x00000000028fd590 code [0x00000000028fd900, 0x00000000028ff210]
Event: 62.430 Thread 0x00000000575a2000 1802   !   3       java.awt.EventQueue::postEventPrivate (104 bytes)
Event: 62.433 Thread 0x00000000575a2000 nmethod 1802 0x00000000028fbf50 code [0x00000000028fc1a0, 0x00000000028fcf68]

GC Heap History (10 events):
Event: 52.880 GC heap before
{Heap before GC invocations=22 (full 0):
 PSYoungGen      total 25088K, used 21568K [0x00000000e0c00000, 0x00000000e2800000, 0x0000000100000000)
  eden space 21504K, 100% used [0x00000000e0c00000,0x00000000e2100000,0x00000000e2100000)
  from space 3584K, 1% used [0x00000000e2100000,0x00000000e2110000,0x00000000e2480000)
  to   space 3584K, 0% used [0x00000000e2480000,0x00000000e2480000,0x00000000e2800000)
 ParOldGen       total 64512K, used 6085K [0x00000000a2400000, 0x00000000a6300000, 0x00000000e0c00000)
  object space 64512K, 9% used [0x00000000a2400000,0x00000000a29f14b8,0x00000000a6300000)
 Metaspace       used 11658K, capacity 12120K, committed 12288K, reserved 1060864K
  class space    used 1365K, capacity 1479K, committed 1536K, reserved 1048576K
Event: 52.882 GC heap after
Heap after GC invocations=22 (full 0):
 PSYoungGen      total 24064K, used 64K [0x00000000e0c00000, 0x00000000e2700000, 0x0000000100000000)
  eden space 21504K, 0% used [0x00000000e0c00000,0x00000000e0c00000,0x00000000e2100000)
  from space 2560K, 2% used [0x00000000e2480000,0x00000000e2490000,0x00000000e2700000)
  to   space 3072K, 0% used [0x00000000e2100000,0x00000000e2100000,0x00000000e2400000)
 ParOldGen       total 64512K, used 6085K [0x00000000a2400000, 0x00000000a6300000, 0x00000000e0c00000)
  object space 64512K, 9% used [0x00000000a2400000,0x00000000a29f14b8,0x00000000a6300000)
 Metaspace       used 11658K, capacity 12120K, committed 12288K, reserved 1060864K
  class space    used 1365K, capacity 1479K, committed 1536K, reserved 1048576K
}
Event: 54.613 GC heap before
{Heap before GC invocations=23 (full 0):
 PSYoungGen      total 24064K, used 21568K [0x00000000e0c00000, 0x00000000e2700000, 0x0000000100000000)
  eden space 21504K, 100% used [0x00000000e0c00000,0x00000000e2100000,0x00000000e2100000)
  from space 2560K, 2% used [0x00000000e2480000,0x00000000e2490000,0x00000000e2700000)
  to   space 3072K, 0% used [0x00000000e2100000,0x00000000e2100000,0x00000000e2400000)
 ParOldGen       total 64512K, used 6085K [0x00000000a2400000, 0x00000000a6300000, 0x00000000e0c00000)
  object space 64512K, 9% used [0x00000000a2400000,0x00000000a29f14b8,0x00000000a6300000)
 Metaspace       used 11658K, capacity 12120K, committed 12288K, reserved 1060864K
  class space    used 1365K, capacity 1479K, committed 1536K, reserved 1048576K
Event: 54.615 GC heap after
Heap after GC invocations=23 (full 0):
 PSYoungGen      total 24576K, used 64K [0x00000000e0c00000, 0x00000000e2700000, 0x0000000100000000)
  eden space 21504K, 0% used [0x00000000e0c00000,0x00000000e0c00000,0x00000000e2100000)
  from space 3072K, 2% used [0x00000000e2100000,0x00000000e2110000,0x00000000e2400000)
  to   space 3072K, 0% used [0x00000000e2400000,0x00000000e2400000,0x00000000e2700000)
 ParOldGen       total 64512K, used 6085K [0x00000000a2400000, 0x00000000a6300000, 0x00000000e0c00000)
  object space 64512K, 9% used [0x00000000a2400000,0x00000000a29f14b8,0x00000000a6300000)
 Metaspace       used 11658K, capacity 12120K, committed 12288K, reserved 1060864K
  class space    used 1365K, capacity 1479K, committed 1536K, reserved 1048576K
}
Event: 56.526 GC heap before
{Heap before GC invocations=24 (full 0):
 PSYoungGen      total 24576K, used 21568K [0x00000000e0c00000, 0x00000000e2700000, 0x0000000100000000)
  eden space 21504K, 100% used [0x00000000e0c00000,0x00000000e2100000,0x00000000e2100000)
  from space 3072K, 2% used [0x00000000e2100000,0x00000000e2110000,0x00000000e2400000)
  to   space 3072K, 0% used [0x00000000e2400000,0x00000000e2400000,0x00000000e2700000)
 ParOldGen       total 64512K, used 6085K [0x00000000a2400000, 0x00000000a6300000, 0x00000000e0c00000)
  object space 64512K, 9% used [0x00000000a2400000,0x00000000a29f14b8,0x00000000a6300000)
 Metaspace       used 11669K, capacity 12184K, committed 12288K, reserved 1060864K
  class space    used 1365K, capacity 1479K, committed 1536K, reserved 1048576K
Event: 56.527 GC heap after
Heap after GC invocations=24 (full 0):
 PSYoungGen      total 24576K, used 64K [0x00000000e0c00000, 0x00000000e2700000, 0x0000000100000000)
  eden space 21504K, 0% used [0x00000000e0c00000,0x00000000e0c00000,0x00000000e2100000)
  from space 3072K, 2% used [0x00000000e2400000,0x00000000e2410000,0x00000000e2700000)
  to   space 3072K, 0% used [0x00000000e2100000,0x00000000e2100000,0x00000000e2400000)
 ParOldGen       total 64512K, used 6085K [0x00000000a2400000, 0x00000000a6300000, 0x00000000e0c00000)
  object space 64512K, 9% used [0x00000000a2400000,0x00000000a29f14b8,0x00000000a6300000)
 Metaspace       used 11669K, capacity 12184K, committed 12288K, reserved 1060864K
  class space    used 1365K, capacity 1479K, committed 1536K, reserved 1048576K
}
Event: 57.783 GC heap before
{Heap before GC invocations=25 (full 0):
 PSYoungGen      total 24576K, used 21568K [0x00000000e0c00000, 0x00000000e2700000, 0x0000000100000000)
  eden space 21504K, 100% used [0x00000000e0c00000,0x00000000e2100000,0x00000000e2100000)
  from space 3072K, 2% used [0x00000000e2400000,0x00000000e2410000,0x00000000e2700000)
  to   space 3072K, 0% used [0x00000000e2100000,0x00000000e2100000,0x00000000e2400000)
 ParOldGen       total 64512K, used 6085K [0x00000000a2400000, 0x00000000a6300000, 0x00000000e0c00000)
  object space 64512K, 9% used [0x00000000a2400000,0x00000000a29f14b8,0x00000000a6300000)
 Metaspace       used 11678K, capacity 12184K, committed 12288K, reserved 1060864K
  class space    used 1365K, capacity 1479K, committed 1536K, reserved 1048576K
Event: 57.785 GC heap after
Heap after GC invocations=25 (full 0):
 PSYoungGen      total 22016K, used 64K [0x00000000e0c00000, 0x00000000e2600000, 0x0000000100000000)
  eden space 21504K, 0% used [0x00000000e0c00000,0x00000000e0c00000,0x00000000e2100000)
  from space 512K, 12% used [0x00000000e2100000,0x00000000e2110000,0x00000000e2180000)
  to   space 2560K, 0% used [0x00000000e2380000,0x00000000e2380000,0x00000000e2600000)
 ParOldGen       total 64512K, used 6093K [0x00000000a2400000, 0x00000000a6300000, 0x00000000e0c00000)
  object space 64512K, 9% used [0x00000000a2400000,0x00000000a29f34b8,0x00000000a6300000)
 Metaspace       used 11678K, capacity 12184K, committed 12288K, reserved 1060864K
  class space    used 1365K, capacity 1479K, committed 1536K, reserved 1048576K
}
Event: 60.327 GC heap before
{Heap before GC invocations=26 (full 0):
 PSYoungGen      total 22016K, used 21568K [0x00000000e0c00000, 0x00000000e2600000, 0x0000000100000000)
  eden space 21504K, 100% used [0x00000000e0c00000,0x00000000e2100000,0x00000000e2100000)
  from space 512K, 12% used [0x00000000e2100000,0x00000000e2110000,0x00000000e2180000)
  to   space 2560K, 0% used [0x00000000e2380000,0x00000000e2380000,0x00000000e2600000)
 ParOldGen       total 64512K, used 6093K [0x00000000a2400000, 0x00000000a6300000, 0x00000000e0c00000)
  object space 64512K, 9% used [0x00000000a2400000,0x00000000a29f34b8,0x00000000a6300000)
 Metaspace       used 11678K, capacity 12184K, committed 12288K, reserved 1060864K
  class space    used 1365K, capacity 1479K, committed 1536K, reserved 1048576K
Event: 60.328 GC heap after
Heap after GC invocations=26 (full 0):
 PSYoungGen      total 24064K, used 64K [0x00000000e0c00000, 0x00000000e2600000, 0x0000000100000000)
  eden space 21504K, 0% used [0x00000000e0c00000,0x00000000e0c00000,0x00000000e2100000)
  from space 2560K, 2% used [0x00000000e2380000,0x00000000e2390000,0x00000000e2600000)
  to   space 2560K, 0% used [0x00000000e2100000,0x00000000e2100000,0x00000000e2380000)
 ParOldGen       total 64512K, used 6101K [0x00000000a2400000, 0x00000000a6300000, 0x00000000e0c00000)
  object space 64512K, 9% used [0x00000000a2400000,0x00000000a29f54b8,0x00000000a6300000)
 Metaspace       used 11678K, capacity 12184K, committed 12288K, reserved 1060864K
  class space    used 1365K, capacity 1479K, committed 1536K, reserved 1048576K
}

Deoptimization events (10 events):
Event: 61.180 Thread 0x00000000002ae800 Uncommon trap: reason=bimorphic action=maybe_recompile pc=0x00000000026c99b8 method=java.util.ArrayList.indexOf(Ljava/lang/Object;)I @ 51
Event: 61.180 Thread 0x00000000002ae800 Uncommon trap: reason=bimorphic action=maybe_recompile pc=0x00000000026c99b8 method=java.util.ArrayList.indexOf(Ljava/lang/Object;)I @ 51
Event: 61.180 Thread 0x00000000002ae800 Uncommon trap: reason=bimorphic action=maybe_recompile pc=0x00000000026c99b8 method=java.util.ArrayList.indexOf(Ljava/lang/Object;)I @ 51
Event: 61.180 Thread 0x00000000002ae800 Uncommon trap: reason=bimorphic action=maybe_recompile pc=0x00000000026c99b8 method=java.util.ArrayList.indexOf(Ljava/lang/Object;)I @ 51
Event: 61.180 Thread 0x00000000002ae800 Uncommon trap: reason=bimorphic action=maybe_recompile pc=0x00000000026c8f88 method=java.util.ArrayList.indexOf(Ljava/lang/Object;)I @ 51
Event: 61.180 Thread 0x00000000002ae800 Uncommon trap: reason=predicate action=maybe_recompile pc=0x000000000264b290 method=java.util.ArrayList.indexOf(Ljava/lang/Object;)I @ 44
Event: 61.180 Thread 0x00000000002ae800 Uncommon trap: reason=bimorphic action=maybe_recompile pc=0x00000000026c6250 method=java.util.ArrayList.indexOf(Ljava/lang/Object;)I @ 51
Event: 61.413 Thread 0x00000000002ae800 Uncommon trap: reason=unstable_if action=reinterpret pc=0x00000000028e1664 method=jumpingalien.model.World.collisionDetectBasic(Ljumpingalien/model/GameObject;IIIILjava/lang/Object;IIILjava/util/List;)V @ 172
Event: 61.450 Thread 0x00000000002ae800 Uncommon trap: reason=unstable_if action=reinterpret pc=0x000000000269df00 method=java.awt.geom.AffineTransform.translate(DD)V @ 375
Event: 61.557 Thread 0x00000000002ae800 Uncommon trap: reason=unstable_if action=reinterpret pc=0x000000000268ae3c method=jumpingalien.part2.internal.tmxfile.data.ImageTile.getImage()Ljava/awt/Image; @ 4

Internal exceptions (10 events):
Event: 1.648 Thread 0x00000000002ae800 Exception <a 'java/lang/NoSuchMethodError': java.lang.Object.of(Ljava/lang/Object;)Ljava/util/stream/Stream;> (0x00000000e150e768) thrown at [D:\re\workspace\8-2-build-windows-amd64-cygwin\jdk8u40\2855\hotspot\src\share\vm\interpreter\linkResolver.cpp, lin×DuîÅ_ú?
Event: 1.648 Thread 0x00000000002ae800 Exception <a 'java/lang/NoSuchMethodError': java.lang.Object.empty()Ljava/util/stream/Stream;> (0x00000000e1511f18) thrown at [D:\re\workspace\8-2-build-windows-amd64-cygwin\jdk8u40\2855\hotspot\src\share\vm\interpreter\linkResolver.cpp, line 582]
Event: 2.124 Thread 0x00000000002ae800 Exception <a 'java/lang/ClassNotFoundException': sun/net/www/protocol/c/Handler> (0x00000000e1de02e0) thrown at [D:\re\workspace\8-2-build-windows-amd64-cygwin\jdk8u40\2855\hotspot\src\share\vm\classfile\systemDictionary.cpp, line 210]
Event: 2.130 Thread 0x00000000002ae800 Exception <a 'java/lang/ClassNotFoundException': sun/net/www/protocol/c/Handler> (0x00000000e1e01ca8) thrown at [D:\re\workspace\8-2-build-windows-amd64-cygwin\jdk8u40\2855\hotspot\src\share\vm\classfile\systemDictionary.cpp, line 210]
Event: 2.134 Thread 0x00000000002ae800 Exception <a 'java/lang/ClassNotFoundException': sun/net/www/protocol/c/Handler> (0x00000000e1e1d160) thrown at [D:\re\workspace\8-2-build-windows-amd64-cygwin\jdk8u40\2855\hotspot\src\share\vm\classfile\systemDictionary.cpp, line 210]
Event: 2.139 Thread 0x00000000002ae800 Exception <a 'java/lang/ClassNotFoundException': sun/net/www/protocol/c/Handler> (0x00000000e1e378a8) thrown at [D:\re\workspace\8-2-build-windows-amd64-cygwin\jdk8u40\2855\hotspot\src\share\vm\classfile\systemDictionary.cpp, line 210]
Event: 2.143 Thread 0x00000000002ae800 Exception <a 'java/lang/ClassNotFoundException': sun/net/www/protocol/c/Handler> (0x00000000e1e51f20) thrown at [D:\re\workspace\8-2-build-windows-amd64-cygwin\jdk8u40\2855\hotspot\src\share\vm\classfile\systemDictionary.cpp, line 210]
Event: 2.150 Thread 0x00000000002ae800 Exception <a 'java/lang/ClassNotFoundException': sun/net/www/protocol/c/Handler> (0x00000000e1e70178) thrown at [D:\re\workspace\8-2-build-windows-amd64-cygwin\jdk8u40\2855\hotspot\src\share\vm\classfile\systemDictionary.cpp, line 210]
Event: 61.557 Thread 0x00000000002ae800 Implicit null exception at 0x000000000268a014 to 0x000000000268adf5
Event: 61.557 Thread 0x00000000002ae800 Exception <a 'java/lang/ClassNotFoundException': sun/net/www/protocol/c/Handler> (0x00000000e1a22150) thrown at [D:\re\workspace\8-2-build-windows-amd64-cygwin\jdk8u40\2855\hotspot\src\share\vm\classfile\systemDictionary.cpp, line 210]

Events (10 events):
Event: 61.450 Thread 0x00000000002ae800 DEOPT PACKING pc=0x000000000269df00 sp=0x0000000001fdf210
Event: 61.450 Thread 0x00000000002ae800 DEOPT UNPACKING pc=0x00000000022f582a sp=0x0000000001fdf190 mode 2
Event: 61.557 Thread 0x00000000002ae800 Uncommon trap: trap_request=0xffffff65 fr.pc=0x000000000268ae3c
Event: 61.557 Thread 0x00000000002ae800 DEOPT PACKING pc=0x000000000268ae3c sp=0x0000000001fdf1b0
Event: 61.557 Thread 0x00000000002ae800 DEOPT UNPACKING pc=0x00000000022f582a sp=0x0000000001fdf128 mode 2
Event: 61.557 loading class sun/net/www/protocol/c/Handler
Event: 61.557 loading class sun/net/www/protocol/c/Handler done
Event: 61.557 loading class sun/net/www/protocol/c/Handler
Event: 61.557 loading class sun/net/www/protocol/c/Handler done
Event: 62.537 Executing VM operation: ParallelGCFailedAllocation


Dynamic libraries:
0x000000013f400000 - 0x000000013f437000 	C:\Program Files\Java\jre1.8.0_40\bin\javaw.exe
0x00000000770d0000 - 0x0000000077279000 	C:\Windows\SYSTEM32\ntdll.dll
0x0000000076fb0000 - 0x00000000770cf000 	C:\Windows\system32\kernel32.dll
0x000007fefd190000 - 0x000007fefd1fc000 	C:\Windows\system32\KERNELBASE.dll
0x000007feff0c0000 - 0x000007feff19b000 	C:\Windows\system32\ADVAPI32.dll
0x000007fefd850000 - 0x000007fefd8ef000 	C:\Windows\system32\msvcrt.dll
0x000007feff0a0000 - 0x000007feff0bf000 	C:\Windows\SYSTEM32\sechost.dll
0x000007fefd6c0000 - 0x000007fefd7ed000 	C:\Windows\system32\RPCRT4.dll
0x0000000076eb0000 - 0x0000000076faa000 	C:\Windows\system32\USER32.dll
0x000007fefda50000 - 0x000007fefdab7000 	C:\Windows\system32\GDI32.dll
0x000007fefd610000 - 0x000007fefd61e000 	C:\Windows\system32\LPK.dll
0x000007fefed70000 - 0x000007fefee39000 	C:\Windows\system32\USP10.dll
0x000007fefb450000 - 0x000007fefb644000 	C:\Windows\WinSxS\amd64_microsoft.windows.common-controls_6595b64144ccf1df_6.0.7601.17514_none_fa396087175ac9ac\COMCTL32.dll
0x000007feff020000 - 0x000007feff091000 	C:\Windows\system32\SHLWAPI.dll
0x000007feff1a0000 - 0x000007feff1ce000 	C:\Windows\system32\IMM32.DLL
0x000007fefec60000 - 0x000007fefed69000 	C:\Windows\system32\MSCTF.dll
0x0000000061540000 - 0x0000000061612000 	C:\Program Files\Java\jre1.8.0_40\bin\msvcr100.dll
0x000000005e420000 - 0x000000005eca3000 	C:\Program Files\Java\jre1.8.0_40\bin\server\jvm.dll
0x000007fef8e90000 - 0x000007fef8e99000 	C:\Windows\system32\WSOCK32.dll
0x000007fefd800000 - 0x000007fefd84d000 	C:\Windows\system32\WS2_32.dll
0x000007fefd7f0000 - 0x000007fefd7f8000 	C:\Windows\system32\NSI.dll
0x000007fef7760000 - 0x000007fef779b000 	C:\Windows\system32\WINMM.dll
0x000007fefbed0000 - 0x000007fefbedc000 	C:\Windows\system32\VERSION.dll
0x00000000772a0000 - 0x00000000772a7000 	C:\Windows\system32\PSAPI.DLL
0x0000000070b20000 - 0x0000000070b2f000 	C:\Program Files\Java\jre1.8.0_40\bin\verify.dll
0x0000000061b00000 - 0x0000000061b29000 	C:\Program Files\Java\jre1.8.0_40\bin\java.dll
0x000000006dcf0000 - 0x000000006dd06000 	C:\Program Files\Java\jre1.8.0_40\bin\zip.dll
0x000007fefddf0000 - 0x000007fefeb78000 	C:\Windows\system32\SHELL32.dll
0x000007feff1d0000 - 0x000007feff3d3000 	C:\Windows\system32\ole32.dll
0x000007fefce80000 - 0x000007fefce8f000 	C:\Windows\system32\profapi.dll
0x000000005edc0000 - 0x000000005ef58000 	C:\Program Files\Java\jre1.8.0_40\bin\awt.dll
0x000007fefeb80000 - 0x000007fefec57000 	C:\Windows\system32\OLEAUT32.dll
0x000007fefafd0000 - 0x000007fefafe8000 	C:\Windows\system32\DWMAPI.DLL
0x000007fefb3a0000 - 0x000007fefb3f6000 	C:\Windows\system32\uxtheme.dll
0x000007fefccf0000 - 0x000007fefccff000 	C:\Windows\system32\CRYPTBASE.dll
0x0000000073980000 - 0x00000000739c7000 	C:\Program Files\Java\jre1.8.0_40\bin\fontmanager.dll
0x000007fefd620000 - 0x000007fefd6b9000 	C:\Windows\system32\CLBCatQ.DLL
0x0000000066be0000 - 0x0000000066bfa000 	C:\Program Files\Java\jre1.8.0_40\bin\net.dll
0x000007fefc630000 - 0x000007fefc685000 	C:\Windows\system32\mswsock.dll
0x000007fefc620000 - 0x000007fefc627000 	C:\Windows\System32\wship6.dll
0x0000000061e10000 - 0x0000000061e21000 	C:\Program Files\Java\jre1.8.0_40\bin\nio.dll
0x0000000061700000 - 0x0000000061741000 	C:\Program Files\Java\jre1.8.0_40\bin\t2k.dll
0x000007fefc690000 - 0x000007fefc6a7000 	C:\Windows\system32\CRYPTSP.dll
0x000007fefc390000 - 0x000007fefc3d7000 	C:\Windows\system32\rsaenh.dll
0x000007fefc0c0000 - 0x000007fefc0de000 	C:\Windows\system32\USERENV.dll
0x000007fefa950000 - 0x000007fefa977000 	C:\Windows\system32\IPHLPAPI.DLL
0x000007fefa940000 - 0x000007fefa94b000 	C:\Windows\system32\WINNSI.DLL
0x000007fefa6f0000 - 0x000007fefa708000 	C:\Windows\system32\dhcpcsvc.DLL
0x000007fefa740000 - 0x000007fefa751000 	C:\Windows\system32\dhcpcsvc6.DLL
0x000007fef93c0000 - 0x000007fef94e5000 	C:\Windows\system32\dbghelp.dll

VM Arguments:
jvm_args: -Dfile.encoding=Cp1252 
java_command: jumpingalien.part2.JumpingAlienPart2
java_class_path (initial): C:\Users\gebruiker\Documents\objectgericht programmeren\project\Jumping-Alien-2\bin;C:\Users\gebruiker\Documents\objectgericht programmeren\project\Jumping-Alien-2\lib\AnnotationsDoclets.jar;C:\Users\gebruiker\Downloads\eclipse-java-luna-SR1a-win32-x86_64\eclipse\plugins\org.junit_4.11.0.v201303080030\junit.jar;C:\Users\gebruiker\Downloads\eclipse-java-luna-SR1a-win32-x86_64\eclipse\plugins\org.hamcrest.core_1.3.0.v201303031735.jar
Launcher Type: SUN_STANDARD

Environment Variables:
JAVA_HOME=C:\Program Files\Java\jdk1.8.0_40
PATH=C:/Program Files/Java/jre1.8.0_40/bin/server;C:/Program Files/Java/jre1.8.0_40/bin;C:/Program Files/Java/jre1.8.0_40/lib/amd64;C:\ProgramData\Oracle\Java\javapath;C:\watcom-1.3\binnt;C:\watcom-1.3\binw;C:\Users\gebruiker\binnt;C:\Users\gebruiker\binw;C:\Program Files (x86)\Common Files\Intel\Shared Libraries\redist\ia32\compiler;C:\Program Files (x86)\AMD APP\bin\x86_64;C:\Program Files (x86)\AMD APP\bin\x86;C:\Program Files\Common Files\Microsoft Shared\Windows Live;C:\Program Files (x86)\Common Files\Microsoft Shared\Windows Live;C:\Windows\system32;C:\Windows;C:\Windows\System32\Wbem;C:\Windows\System32\WindowsPowerShell\v1.0\;C:\Program Files (x86)\Windows Live\Shared;C:\Program Files (x86)\ATI Technologies\ATI.ACE\Core-Static;C:\Program Files (x86)\EgisTec MyWinLocker\x64;C:\Program Files (x86)\EgisTec MyWinLocker\;C:\Program Files (x86)\MiKTeX 2.9\miktex\bin\;C:\Program Files\Microsoft SQL Server\110\Tools\Binn\;C:\Program Files (x86)\WinAnt\bin;C:\Users\gebruiker\Downloads\eclipse-java-luna-SR1a-win32-x86_64\eclipse;
USERNAME=gebruiker
OS=Windows_NT
PROCESSOR_IDENTIFIER=Intel64 Family 6 Model 42 Stepping 7, GenuineIntel



---------------  S Y S T E M  ---------------

OS: Windows 7 , 64 bit Build 7601 (6.1.7601.18409)

CPU:total 4 (2 cores per cpu, 2 threads per core) family 6 model 42 stepping 7, cmov, cx8, fxsr, mmx, sse, sse2, sse3, ssse3, sse4.1, sse4.2, popcnt, avx, aes, clmul, ht, tsc, tscinvbit

Memory: 4k page, physical 6139760k(2956088k free), swap 12277656k(8767464k free)

vm_info: Java HotSpot(TM) 64-Bit Server VM (25.40-b25) for windows-amd64 JRE (1.8.0_40-b25), built on Feb 10 2015 21:53:57 by "java_re" with MS VC++ 10.0 (VS2010)

time: Wed Apr 15 14:32:04 2015
elapsed time: 62 seconds (0d 0h 1m 2s)

